<?xml version="1.0" encoding="UTF-8"?>
<testsuites name="jest tests" tests="178" failures="47" errors="0" time="78.957">
  <testsuite name="Navbar component" errors="0" failures="1" skipped="0" timestamp="2025-04-17T08:15:21" time="5.381" tests="11">
    <testcase classname="Navbar component renders logo, welcome banner, avatar and all sections" name="Navbar component renders logo, welcome banner, avatar and all sections" time="0.565">
    </testcase>
    <testcase classname="Navbar component renders with default avatar when picture is not available" name="Navbar component renders with default avatar when picture is not available" time="0.062">
    </testcase>
    <testcase classname="Navbar component opens delegate modal when Admin -&gt; Delegate Request is clicked" name="Navbar component opens delegate modal when Admin -&gt; Delegate Request is clicked" time="0.082">
    </testcase>
    <testcase classname="Navbar component opens notification panel when Manage Notification is clicked" name="Navbar component opens notification panel when Manage Notification is clicked" time="0.052">
    </testcase>
    <testcase classname="Navbar component navigates to correct route when an Admin dropdown item is clicked" name="Navbar component navigates to correct route when an Admin dropdown item is clicked" time="0.053">
    </testcase>
    <testcase classname="Navbar component handles /delegate path opening PracticeDelegate" name="Navbar component handles /delegate path opening PracticeDelegate" time="0.029">
    </testcase>
    <testcase classname="Navbar component hides content when hideContent is true" name="Navbar component hides content when hideContent is true" time="0.028">
    </testcase>
    <testcase classname="NavbarForU component renders logo, welcome banner, avatar and all sections for U" name="NavbarForU component renders logo, welcome banner, avatar and all sections for U" time="0.18">
      <failure>TypeError: Cannot read properties of undefined (reading &apos;then&apos;)
    at openPracticeDelegate (C:\Users\varsha_akarapu\Desktop\landing_user\step-ui\src\components\pages\landing_page\navigation.js:41:56)
    at openPracticeDelegate (C:\Users\varsha_akarapu\Desktop\landing_user\step-ui\src\components\pages\landing_page\navigation.js:58:9)
    at Timeout.task [as _onTimeout] (C:\Users\varsha_akarapu\Desktop\landing_user\step-ui\node_modules\react-scripts\node_modules\jsdom\lib\jsdom\browser\Window.js:516:19)
    at listOnTimeout (node:internal/timers:569:17)
    at processTimers (node:internal/timers:512:7)</failure>
    </testcase>
    <testcase classname="NavbarForU component renders with default avatar when picture is not available for U" name="NavbarForU component renders with default avatar when picture is not available for U" time="0.034">
    </testcase>
    <testcase classname="NavbarForU component navigates to Candidate Aspiration when clicked from dropdown" name="NavbarForU component navigates to Candidate Aspiration when clicked from dropdown" time="0.045">
    </testcase>
    <testcase classname="NavbarForU component opens profile drawer when &apos;Profile&apos; is clicked" name="NavbarForU component opens profile drawer when &apos;Profile&apos; is clicked" time="0.071">
    </testcase>
  </testsuite>
  <testsuite name="NotificationPage Component Tests" errors="0" failures="0" skipped="0" timestamp="2025-04-17T08:15:22" time="10.288" tests="6">
    <testcase classname="NotificationPage Component Tests renders NotificationPage and displays headers" name="NotificationPage Component Tests renders NotificationPage and displays headers" time="0.438">
    </testcase>
    <testcase classname="NotificationPage Component Tests renders accordion with user name" name="NotificationPage Component Tests renders accordion with user name" time="0.346">
    </testcase>
    <testcase classname="NotificationPage Component Tests triggers Enable/Disable All button" name="NotificationPage Component Tests triggers Enable/Disable All button" time="0.204">
    </testcase>
    <testcase classname="NotificationPage Component Tests search filters names" name="NotificationPage Component Tests search filters names" time="0.042">
    </testcase>
    <testcase classname="NotificationPage Component Tests calls handleToggle and updates notification" name="NotificationPage Component Tests calls handleToggle and updates notification" time="0.133">
    </testcase>
    <testcase classname="NotificationPage Component Tests filters practice heads based on search input" name="NotificationPage Component Tests filters practice heads based on search input" time="0.489">
    </testcase>
  </testsuite>
  <testsuite name="DelegateContent" errors="0" failures="0" skipped="0" timestamp="2025-04-17T08:15:21" time="12.502" tests="8">
    <testcase classname="DelegateContent Rendering delegate access modal content when not delegated already" name="DelegateContent Rendering delegate access modal content when not delegated already" time="0.834">
    </testcase>
    <testcase classname="DelegateContent Rendering delegate access modal content when delegated already with full features and limited access" name="DelegateContent Rendering delegate access modal content when delegated already with full features and limited access" time="0.362">
    </testcase>
    <testcase classname="DelegateContent Rendering delegate access modal content when delegated already with limited access" name="DelegateContent Rendering delegate access modal content when delegated already with limited access" time="0.257">
    </testcase>
    <testcase classname="DelegateContent Rendering delegate access modal content when delegated already with full access" name="DelegateContent Rendering delegate access modal content when delegated already with full access" time="0.287">
    </testcase>
    <testcase classname="DelegateContent Rendering delegate access modal content when delegated already and changing access type checkbox" name="DelegateContent Rendering delegate access modal content when delegated already and changing access type checkbox" time="0.377">
    </testcase>
    <testcase classname="DelegateContent Rendering delegate access modal content when delegated already and changing access level radio button" name="DelegateContent Rendering delegate access modal content when delegated already and changing access level radio button" time="0.137">
    </testcase>
    <testcase classname="DelegateContent Rendering delegate access modal content when not delegated already but there is no feature to delegate" name="DelegateContent Rendering delegate access modal content when not delegated already but there is no feature to delegate" time="0.063">
    </testcase>
    <testcase classname="DelegateContent Rendering delegate access modal content when not delegated already but there is error in fetching feature to delegate" name="DelegateContent Rendering delegate access modal content when not delegated already but there is error in fetching feature to delegate" time="0.073">
    </testcase>
  </testsuite>
  <testsuite name="FileUpload Component" errors="0" failures="5" skipped="0" timestamp="2025-04-17T08:15:32" time="3.243" tests="5">
    <testcase classname="FileUpload Component renders the component correctly" name="FileUpload Component renders the component correctly" time="0.152">
      <failure>TypeError: Cannot read properties of undefined (reading &apos;description&apos;)
    at description (C:\Users\varsha_akarapu\Desktop\landing_user\step-ui\src\components\common\file_upload\FileUpload.js:89:28)
    at renderWithHooks (C:\Users\varsha_akarapu\Desktop\landing_user\step-ui\node_modules\react-dom\cjs\react-dom.development.js:15486:18)
    at mountIndeterminateComponent (C:\Users\varsha_akarapu\Desktop\landing_user\step-ui\node_modules\react-dom\cjs\react-dom.development.js:20103:13)
    at beginWork (C:\Users\varsha_akarapu\Desktop\landing_user\step-ui\node_modules\react-dom\cjs\react-dom.development.js:21626:16)
    at beginWork$1 (C:\Users\varsha_akarapu\Desktop\landing_user\step-ui\node_modules\react-dom\cjs\react-dom.development.js:27465:14)
    at performUnitOfWork (C:\Users\varsha_akarapu\Desktop\landing_user\step-ui\node_modules\react-dom\cjs\react-dom.development.js:26599:12)
    at workLoopSync (C:\Users\varsha_akarapu\Desktop\landing_user\step-ui\node_modules\react-dom\cjs\react-dom.development.js:26505:5)
    at renderRootSync (C:\Users\varsha_akarapu\Desktop\landing_user\step-ui\node_modules\react-dom\cjs\react-dom.development.js:26473:7)
    at recoverFromConcurrentError (C:\Users\varsha_akarapu\Desktop\landing_user\step-ui\node_modules\react-dom\cjs\react-dom.development.js:25889:20)
    at performConcurrentWorkOnRoot (C:\Users\varsha_akarapu\Desktop\landing_user\step-ui\node_modules\react-dom\cjs\react-dom.development.js:25789:22)
    at flushActQueue (C:\Users\varsha_akarapu\Desktop\landing_user\step-ui\node_modules\react\cjs\react.development.js:2667:24)
    at act (C:\Users\varsha_akarapu\Desktop\landing_user\step-ui\node_modules\react\cjs\react.development.js:2582:11)
    at C:\Users\varsha_akarapu\Desktop\landing_user\step-ui\node_modules\@testing-library\react\dist\act-compat.js:47:25
    at renderRoot (C:\Users\varsha_akarapu\Desktop\landing_user\step-ui\node_modules\@testing-library\react\dist\pure.js:188:26)
    at render (C:\Users\varsha_akarapu\Desktop\landing_user\step-ui\node_modules\@testing-library\react\dist\pure.js:287:10)
    at renderWithProvider (C:\Users\varsha_akarapu\Desktop\landing_user\step-ui\src\__test__\FileUpload.test.js:46:18)
    at Object.renderWithProvider (C:\Users\varsha_akarapu\Desktop\landing_user\step-ui\src\__test__\FileUpload.test.js:54:5)
    at Promise.then.completed (C:\Users\varsha_akarapu\Desktop\landing_user\step-ui\node_modules\react-scripts\node_modules\jest-circus\build\utils.js:391:28)
    at new Promise (&lt;anonymous&gt;)
    at callAsyncCircusFn (C:\Users\varsha_akarapu\Desktop\landing_user\step-ui\node_modules\react-scripts\node_modules\jest-circus\build\utils.js:316:10)
    at _callCircusTest (C:\Users\varsha_akarapu\Desktop\landing_user\step-ui\node_modules\react-scripts\node_modules\jest-circus\build\run.js:218:40)
    at processTicksAndRejections (node:internal/process/task_queues:95:5)
    at _runTest (C:\Users\varsha_akarapu\Desktop\landing_user\step-ui\node_modules\react-scripts\node_modules\jest-circus\build\run.js:155:3)
    at _runTestsForDescribeBlock (C:\Users\varsha_akarapu\Desktop\landing_user\step-ui\node_modules\react-scripts\node_modules\jest-circus\build\run.js:66:9)
    at _runTestsForDescribeBlock (C:\Users\varsha_akarapu\Desktop\landing_user\step-ui\node_modules\react-scripts\node_modules\jest-circus\build\run.js:60:9)
    at run (C:\Users\varsha_akarapu\Desktop\landing_user\step-ui\node_modules\react-scripts\node_modules\jest-circus\build\run.js:25:3)
    at runAndTransformResultsToJestFormat (C:\Users\varsha_akarapu\Desktop\landing_user\step-ui\node_modules\react-scripts\node_modules\jest-circus\build\legacy-code-todo-rewrite\jestAdapterInit.js:170:21)
    at jestAdapter (C:\Users\varsha_akarapu\Desktop\landing_user\step-ui\node_modules\react-scripts\node_modules\jest-circus\build\legacy-code-todo-rewrite\jestAdapter.js:82:19)
    at runTestInternal (C:\Users\varsha_akarapu\Desktop\landing_user\step-ui\node_modules\react-scripts\node_modules\jest-runner\build\runTest.js:389:16)
    at runTest (C:\Users\varsha_akarapu\Desktop\landing_user\step-ui\node_modules\react-scripts\node_modules\jest-runner\build\runTest.js:475:34)
    at Object.worker (C:\Users\varsha_akarapu\Desktop\landing_user\step-ui\node_modules\react-scripts\node_modules\jest-runner\build\testWorker.js:133:12)</failure>
    </testcase>
    <testcase classname="FileUpload Component uploads a valid file" name="FileUpload Component uploads a valid file" time="0.029">
      <failure>TypeError: Cannot read properties of undefined (reading &apos;description&apos;)
    at description (C:\Users\varsha_akarapu\Desktop\landing_user\step-ui\src\components\common\file_upload\FileUpload.js:89:28)
    at renderWithHooks (C:\Users\varsha_akarapu\Desktop\landing_user\step-ui\node_modules\react-dom\cjs\react-dom.development.js:15486:18)
    at mountIndeterminateComponent (C:\Users\varsha_akarapu\Desktop\landing_user\step-ui\node_modules\react-dom\cjs\react-dom.development.js:20103:13)
    at beginWork (C:\Users\varsha_akarapu\Desktop\landing_user\step-ui\node_modules\react-dom\cjs\react-dom.development.js:21626:16)
    at beginWork$1 (C:\Users\varsha_akarapu\Desktop\landing_user\step-ui\node_modules\react-dom\cjs\react-dom.development.js:27465:14)
    at performUnitOfWork (C:\Users\varsha_akarapu\Desktop\landing_user\step-ui\node_modules\react-dom\cjs\react-dom.development.js:26599:12)
    at workLoopSync (C:\Users\varsha_akarapu\Desktop\landing_user\step-ui\node_modules\react-dom\cjs\react-dom.development.js:26505:5)
    at renderRootSync (C:\Users\varsha_akarapu\Desktop\landing_user\step-ui\node_modules\react-dom\cjs\react-dom.development.js:26473:7)
    at recoverFromConcurrentError (C:\Users\varsha_akarapu\Desktop\landing_user\step-ui\node_modules\react-dom\cjs\react-dom.development.js:25889:20)
    at performConcurrentWorkOnRoot (C:\Users\varsha_akarapu\Desktop\landing_user\step-ui\node_modules\react-dom\cjs\react-dom.development.js:25789:22)
    at flushActQueue (C:\Users\varsha_akarapu\Desktop\landing_user\step-ui\node_modules\react\cjs\react.development.js:2667:24)
    at act (C:\Users\varsha_akarapu\Desktop\landing_user\step-ui\node_modules\react\cjs\react.development.js:2582:11)
    at C:\Users\varsha_akarapu\Desktop\landing_user\step-ui\node_modules\@testing-library\react\dist\act-compat.js:47:25
    at renderRoot (C:\Users\varsha_akarapu\Desktop\landing_user\step-ui\node_modules\@testing-library\react\dist\pure.js:188:26)
    at render (C:\Users\varsha_akarapu\Desktop\landing_user\step-ui\node_modules\@testing-library\react\dist\pure.js:287:10)
    at renderWithProvider (C:\Users\varsha_akarapu\Desktop\landing_user\step-ui\src\__test__\FileUpload.test.js:46:18)
    at Object.renderWithProvider (C:\Users\varsha_akarapu\Desktop\landing_user\step-ui\src\__test__\FileUpload.test.js:68:5)
    at Promise.then.completed (C:\Users\varsha_akarapu\Desktop\landing_user\step-ui\node_modules\react-scripts\node_modules\jest-circus\build\utils.js:391:28)
    at new Promise (&lt;anonymous&gt;)
    at callAsyncCircusFn (C:\Users\varsha_akarapu\Desktop\landing_user\step-ui\node_modules\react-scripts\node_modules\jest-circus\build\utils.js:316:10)
    at _callCircusTest (C:\Users\varsha_akarapu\Desktop\landing_user\step-ui\node_modules\react-scripts\node_modules\jest-circus\build\run.js:218:40)
    at processTicksAndRejections (node:internal/process/task_queues:95:5)
    at _runTest (C:\Users\varsha_akarapu\Desktop\landing_user\step-ui\node_modules\react-scripts\node_modules\jest-circus\build\run.js:155:3)
    at _runTestsForDescribeBlock (C:\Users\varsha_akarapu\Desktop\landing_user\step-ui\node_modules\react-scripts\node_modules\jest-circus\build\run.js:66:9)
    at _runTestsForDescribeBlock (C:\Users\varsha_akarapu\Desktop\landing_user\step-ui\node_modules\react-scripts\node_modules\jest-circus\build\run.js:60:9)
    at run (C:\Users\varsha_akarapu\Desktop\landing_user\step-ui\node_modules\react-scripts\node_modules\jest-circus\build\run.js:25:3)
    at runAndTransformResultsToJestFormat (C:\Users\varsha_akarapu\Desktop\landing_user\step-ui\node_modules\react-scripts\node_modules\jest-circus\build\legacy-code-todo-rewrite\jestAdapterInit.js:170:21)
    at jestAdapter (C:\Users\varsha_akarapu\Desktop\landing_user\step-ui\node_modules\react-scripts\node_modules\jest-circus\build\legacy-code-todo-rewrite\jestAdapter.js:82:19)
    at runTestInternal (C:\Users\varsha_akarapu\Desktop\landing_user\step-ui\node_modules\react-scripts\node_modules\jest-runner\build\runTest.js:389:16)
    at runTest (C:\Users\varsha_akarapu\Desktop\landing_user\step-ui\node_modules\react-scripts\node_modules\jest-runner\build\runTest.js:475:34)
    at Object.worker (C:\Users\varsha_akarapu\Desktop\landing_user\step-ui\node_modules\react-scripts\node_modules\jest-runner\build\testWorker.js:133:12)</failure>
    </testcase>
    <testcase classname="FileUpload Component aborts the previous upload when a new file is uploaded" name="FileUpload Component aborts the previous upload when a new file is uploaded" time="0.046">
      <failure>TypeError: Cannot read properties of undefined (reading &apos;description&apos;)
    at description (C:\Users\varsha_akarapu\Desktop\landing_user\step-ui\src\components\common\file_upload\FileUpload.js:89:28)
    at renderWithHooks (C:\Users\varsha_akarapu\Desktop\landing_user\step-ui\node_modules\react-dom\cjs\react-dom.development.js:15486:18)
    at mountIndeterminateComponent (C:\Users\varsha_akarapu\Desktop\landing_user\step-ui\node_modules\react-dom\cjs\react-dom.development.js:20103:13)
    at beginWork (C:\Users\varsha_akarapu\Desktop\landing_user\step-ui\node_modules\react-dom\cjs\react-dom.development.js:21626:16)
    at beginWork$1 (C:\Users\varsha_akarapu\Desktop\landing_user\step-ui\node_modules\react-dom\cjs\react-dom.development.js:27465:14)
    at performUnitOfWork (C:\Users\varsha_akarapu\Desktop\landing_user\step-ui\node_modules\react-dom\cjs\react-dom.development.js:26599:12)
    at workLoopSync (C:\Users\varsha_akarapu\Desktop\landing_user\step-ui\node_modules\react-dom\cjs\react-dom.development.js:26505:5)
    at renderRootSync (C:\Users\varsha_akarapu\Desktop\landing_user\step-ui\node_modules\react-dom\cjs\react-dom.development.js:26473:7)
    at recoverFromConcurrentError (C:\Users\varsha_akarapu\Desktop\landing_user\step-ui\node_modules\react-dom\cjs\react-dom.development.js:25889:20)
    at performConcurrentWorkOnRoot (C:\Users\varsha_akarapu\Desktop\landing_user\step-ui\node_modules\react-dom\cjs\react-dom.development.js:25789:22)
    at flushActQueue (C:\Users\varsha_akarapu\Desktop\landing_user\step-ui\node_modules\react\cjs\react.development.js:2667:24)
    at act (C:\Users\varsha_akarapu\Desktop\landing_user\step-ui\node_modules\react\cjs\react.development.js:2582:11)
    at C:\Users\varsha_akarapu\Desktop\landing_user\step-ui\node_modules\@testing-library\react\dist\act-compat.js:47:25
    at renderRoot (C:\Users\varsha_akarapu\Desktop\landing_user\step-ui\node_modules\@testing-library\react\dist\pure.js:188:26)
    at render (C:\Users\varsha_akarapu\Desktop\landing_user\step-ui\node_modules\@testing-library\react\dist\pure.js:287:10)
    at renderWithProvider (C:\Users\varsha_akarapu\Desktop\landing_user\step-ui\src\__test__\FileUpload.test.js:46:18)
    at Object.renderWithProvider (C:\Users\varsha_akarapu\Desktop\landing_user\step-ui\src\__test__\FileUpload.test.js:99:5)
    at Promise.then.completed (C:\Users\varsha_akarapu\Desktop\landing_user\step-ui\node_modules\react-scripts\node_modules\jest-circus\build\utils.js:391:28)
    at new Promise (&lt;anonymous&gt;)
    at callAsyncCircusFn (C:\Users\varsha_akarapu\Desktop\landing_user\step-ui\node_modules\react-scripts\node_modules\jest-circus\build\utils.js:316:10)
    at _callCircusTest (C:\Users\varsha_akarapu\Desktop\landing_user\step-ui\node_modules\react-scripts\node_modules\jest-circus\build\run.js:218:40)
    at processTicksAndRejections (node:internal/process/task_queues:95:5)
    at _runTest (C:\Users\varsha_akarapu\Desktop\landing_user\step-ui\node_modules\react-scripts\node_modules\jest-circus\build\run.js:155:3)
    at _runTestsForDescribeBlock (C:\Users\varsha_akarapu\Desktop\landing_user\step-ui\node_modules\react-scripts\node_modules\jest-circus\build\run.js:66:9)
    at _runTestsForDescribeBlock (C:\Users\varsha_akarapu\Desktop\landing_user\step-ui\node_modules\react-scripts\node_modules\jest-circus\build\run.js:60:9)
    at run (C:\Users\varsha_akarapu\Desktop\landing_user\step-ui\node_modules\react-scripts\node_modules\jest-circus\build\run.js:25:3)
    at runAndTransformResultsToJestFormat (C:\Users\varsha_akarapu\Desktop\landing_user\step-ui\node_modules\react-scripts\node_modules\jest-circus\build\legacy-code-todo-rewrite\jestAdapterInit.js:170:21)
    at jestAdapter (C:\Users\varsha_akarapu\Desktop\landing_user\step-ui\node_modules\react-scripts\node_modules\jest-circus\build\legacy-code-todo-rewrite\jestAdapter.js:82:19)
    at runTestInternal (C:\Users\varsha_akarapu\Desktop\landing_user\step-ui\node_modules\react-scripts\node_modules\jest-runner\build\runTest.js:389:16)
    at runTest (C:\Users\varsha_akarapu\Desktop\landing_user\step-ui\node_modules\react-scripts\node_modules\jest-runner\build\runTest.js:475:34)
    at Object.worker (C:\Users\varsha_akarapu\Desktop\landing_user\step-ui\node_modules\react-scripts\node_modules\jest-runner\build\testWorker.js:133:12)</failure>
    </testcase>
    <testcase classname="FileUpload Component deletes an uploaded file" name="FileUpload Component deletes an uploaded file" time="0.032">
      <failure>TypeError: Cannot read properties of undefined (reading &apos;description&apos;)
    at description (C:\Users\varsha_akarapu\Desktop\landing_user\step-ui\src\components\common\file_upload\FileUpload.js:89:28)
    at renderWithHooks (C:\Users\varsha_akarapu\Desktop\landing_user\step-ui\node_modules\react-dom\cjs\react-dom.development.js:15486:18)
    at mountIndeterminateComponent (C:\Users\varsha_akarapu\Desktop\landing_user\step-ui\node_modules\react-dom\cjs\react-dom.development.js:20103:13)
    at beginWork (C:\Users\varsha_akarapu\Desktop\landing_user\step-ui\node_modules\react-dom\cjs\react-dom.development.js:21626:16)
    at beginWork$1 (C:\Users\varsha_akarapu\Desktop\landing_user\step-ui\node_modules\react-dom\cjs\react-dom.development.js:27465:14)
    at performUnitOfWork (C:\Users\varsha_akarapu\Desktop\landing_user\step-ui\node_modules\react-dom\cjs\react-dom.development.js:26599:12)
    at workLoopSync (C:\Users\varsha_akarapu\Desktop\landing_user\step-ui\node_modules\react-dom\cjs\react-dom.development.js:26505:5)
    at renderRootSync (C:\Users\varsha_akarapu\Desktop\landing_user\step-ui\node_modules\react-dom\cjs\react-dom.development.js:26473:7)
    at recoverFromConcurrentError (C:\Users\varsha_akarapu\Desktop\landing_user\step-ui\node_modules\react-dom\cjs\react-dom.development.js:25889:20)
    at performConcurrentWorkOnRoot (C:\Users\varsha_akarapu\Desktop\landing_user\step-ui\node_modules\react-dom\cjs\react-dom.development.js:25789:22)
    at flushActQueue (C:\Users\varsha_akarapu\Desktop\landing_user\step-ui\node_modules\react\cjs\react.development.js:2667:24)
    at act (C:\Users\varsha_akarapu\Desktop\landing_user\step-ui\node_modules\react\cjs\react.development.js:2582:11)
    at C:\Users\varsha_akarapu\Desktop\landing_user\step-ui\node_modules\@testing-library\react\dist\act-compat.js:47:25
    at renderRoot (C:\Users\varsha_akarapu\Desktop\landing_user\step-ui\node_modules\@testing-library\react\dist\pure.js:188:26)
    at render (C:\Users\varsha_akarapu\Desktop\landing_user\step-ui\node_modules\@testing-library\react\dist\pure.js:287:10)
    at renderWithProvider (C:\Users\varsha_akarapu\Desktop\landing_user\step-ui\src\__test__\FileUpload.test.js:46:18)
    at Object.renderWithProvider (C:\Users\varsha_akarapu\Desktop\landing_user\step-ui\src\__test__\FileUpload.test.js:124:5)
    at Promise.then.completed (C:\Users\varsha_akarapu\Desktop\landing_user\step-ui\node_modules\react-scripts\node_modules\jest-circus\build\utils.js:391:28)
    at new Promise (&lt;anonymous&gt;)
    at callAsyncCircusFn (C:\Users\varsha_akarapu\Desktop\landing_user\step-ui\node_modules\react-scripts\node_modules\jest-circus\build\utils.js:316:10)
    at _callCircusTest (C:\Users\varsha_akarapu\Desktop\landing_user\step-ui\node_modules\react-scripts\node_modules\jest-circus\build\run.js:218:40)
    at processTicksAndRejections (node:internal/process/task_queues:95:5)
    at _runTest (C:\Users\varsha_akarapu\Desktop\landing_user\step-ui\node_modules\react-scripts\node_modules\jest-circus\build\run.js:155:3)
    at _runTestsForDescribeBlock (C:\Users\varsha_akarapu\Desktop\landing_user\step-ui\node_modules\react-scripts\node_modules\jest-circus\build\run.js:66:9)
    at _runTestsForDescribeBlock (C:\Users\varsha_akarapu\Desktop\landing_user\step-ui\node_modules\react-scripts\node_modules\jest-circus\build\run.js:60:9)
    at run (C:\Users\varsha_akarapu\Desktop\landing_user\step-ui\node_modules\react-scripts\node_modules\jest-circus\build\run.js:25:3)
    at runAndTransformResultsToJestFormat (C:\Users\varsha_akarapu\Desktop\landing_user\step-ui\node_modules\react-scripts\node_modules\jest-circus\build\legacy-code-todo-rewrite\jestAdapterInit.js:170:21)
    at jestAdapter (C:\Users\varsha_akarapu\Desktop\landing_user\step-ui\node_modules\react-scripts\node_modules\jest-circus\build\legacy-code-todo-rewrite\jestAdapter.js:82:19)
    at runTestInternal (C:\Users\varsha_akarapu\Desktop\landing_user\step-ui\node_modules\react-scripts\node_modules\jest-runner\build\runTest.js:389:16)
    at runTest (C:\Users\varsha_akarapu\Desktop\landing_user\step-ui\node_modules\react-scripts\node_modules\jest-runner\build\runTest.js:475:34)
    at Object.worker (C:\Users\varsha_akarapu\Desktop\landing_user\step-ui\node_modules\react-scripts\node_modules\jest-runner\build\testWorker.js:133:12)</failure>
    </testcase>
    <testcase classname="FileUpload Component handles upload failure and displays error alert" name="FileUpload Component handles upload failure and displays error alert" time="0.071">
      <failure>TypeError: Cannot read properties of undefined (reading &apos;description&apos;)
    at description (C:\Users\varsha_akarapu\Desktop\landing_user\step-ui\src\components\common\file_upload\FileUpload.js:89:28)
    at renderWithHooks (C:\Users\varsha_akarapu\Desktop\landing_user\step-ui\node_modules\react-dom\cjs\react-dom.development.js:15486:18)
    at mountIndeterminateComponent (C:\Users\varsha_akarapu\Desktop\landing_user\step-ui\node_modules\react-dom\cjs\react-dom.development.js:20103:13)
    at beginWork (C:\Users\varsha_akarapu\Desktop\landing_user\step-ui\node_modules\react-dom\cjs\react-dom.development.js:21626:16)
    at beginWork$1 (C:\Users\varsha_akarapu\Desktop\landing_user\step-ui\node_modules\react-dom\cjs\react-dom.development.js:27465:14)
    at performUnitOfWork (C:\Users\varsha_akarapu\Desktop\landing_user\step-ui\node_modules\react-dom\cjs\react-dom.development.js:26599:12)
    at workLoopSync (C:\Users\varsha_akarapu\Desktop\landing_user\step-ui\node_modules\react-dom\cjs\react-dom.development.js:26505:5)
    at renderRootSync (C:\Users\varsha_akarapu\Desktop\landing_user\step-ui\node_modules\react-dom\cjs\react-dom.development.js:26473:7)
    at recoverFromConcurrentError (C:\Users\varsha_akarapu\Desktop\landing_user\step-ui\node_modules\react-dom\cjs\react-dom.development.js:25889:20)
    at performConcurrentWorkOnRoot (C:\Users\varsha_akarapu\Desktop\landing_user\step-ui\node_modules\react-dom\cjs\react-dom.development.js:25789:22)
    at flushActQueue (C:\Users\varsha_akarapu\Desktop\landing_user\step-ui\node_modules\react\cjs\react.development.js:2667:24)
    at act (C:\Users\varsha_akarapu\Desktop\landing_user\step-ui\node_modules\react\cjs\react.development.js:2582:11)
    at C:\Users\varsha_akarapu\Desktop\landing_user\step-ui\node_modules\@testing-library\react\dist\act-compat.js:47:25
    at renderRoot (C:\Users\varsha_akarapu\Desktop\landing_user\step-ui\node_modules\@testing-library\react\dist\pure.js:188:26)
    at render (C:\Users\varsha_akarapu\Desktop\landing_user\step-ui\node_modules\@testing-library\react\dist\pure.js:287:10)
    at renderWithProvider (C:\Users\varsha_akarapu\Desktop\landing_user\step-ui\src\__test__\FileUpload.test.js:46:18)
    at Object.renderWithProvider (C:\Users\varsha_akarapu\Desktop\landing_user\step-ui\src\__test__\FileUpload.test.js:165:5)
    at Promise.then.completed (C:\Users\varsha_akarapu\Desktop\landing_user\step-ui\node_modules\react-scripts\node_modules\jest-circus\build\utils.js:391:28)
    at new Promise (&lt;anonymous&gt;)
    at callAsyncCircusFn (C:\Users\varsha_akarapu\Desktop\landing_user\step-ui\node_modules\react-scripts\node_modules\jest-circus\build\utils.js:316:10)
    at _callCircusTest (C:\Users\varsha_akarapu\Desktop\landing_user\step-ui\node_modules\react-scripts\node_modules\jest-circus\build\run.js:218:40)
    at processTicksAndRejections (node:internal/process/task_queues:95:5)
    at _runTest (C:\Users\varsha_akarapu\Desktop\landing_user\step-ui\node_modules\react-scripts\node_modules\jest-circus\build\run.js:155:3)
    at _runTestsForDescribeBlock (C:\Users\varsha_akarapu\Desktop\landing_user\step-ui\node_modules\react-scripts\node_modules\jest-circus\build\run.js:66:9)
    at _runTestsForDescribeBlock (C:\Users\varsha_akarapu\Desktop\landing_user\step-ui\node_modules\react-scripts\node_modules\jest-circus\build\run.js:60:9)
    at run (C:\Users\varsha_akarapu\Desktop\landing_user\step-ui\node_modules\react-scripts\node_modules\jest-circus\build\run.js:25:3)
    at runAndTransformResultsToJestFormat (C:\Users\varsha_akarapu\Desktop\landing_user\step-ui\node_modules\react-scripts\node_modules\jest-circus\build\legacy-code-todo-rewrite\jestAdapterInit.js:170:21)
    at jestAdapter (C:\Users\varsha_akarapu\Desktop\landing_user\step-ui\node_modules\react-scripts\node_modules\jest-circus\build\legacy-code-todo-rewrite\jestAdapter.js:82:19)
    at runTestInternal (C:\Users\varsha_akarapu\Desktop\landing_user\step-ui\node_modules\react-scripts\node_modules\jest-runner\build\runTest.js:389:16)
    at runTest (C:\Users\varsha_akarapu\Desktop\landing_user\step-ui\node_modules\react-scripts\node_modules\jest-runner\build\runTest.js:475:34)
    at Object.worker (C:\Users\varsha_akarapu\Desktop\landing_user\step-ui\node_modules\react-scripts\node_modules\jest-runner\build\testWorker.js:133:12)</failure>
    </testcase>
  </testsuite>
  <testsuite name="NavbarForUcomponent" errors="0" failures="5" skipped="0" timestamp="2025-04-17T08:15:21" time="14.83" tests="8">
    <testcase classname="NavbarForUcomponent renders correctly and loads user data from token" name="NavbarForUcomponent renders correctly and loads user data from token" time="2.001">
      <failure>TestingLibraryElementError: Unable to find an accessible element with the role &quot;img&quot; and name &quot;User avatar&quot;

Here are the accessible roles:

  navigation:

  Name &quot;&quot;:
  &lt;nav
    class=&quot;qNrCBP uui-main_menu uui-mainmenu-container _2BO4Tw&quot;
  /&gt;

  --------------------------------------------------
  link:

  Name &quot;Main Menu Logo&quot;:
  &lt;a
    aria-disabled=&quot;false&quot;
    class=&quot;uui-button-box uui-enabled -clickable uui-anchor wcQj1X meLhPA&quot;
    href=&quot;/&quot;
    tabindex=&quot;0&quot;
  /&gt;

  Name &quot;Welcome&quot;:
  &lt;a
    class=&quot;uui-button-box uui-enabled -clickable uui-anchor Q8fVtx ECI7yt&quot;
    href=&quot;/welcome_u&quot;
    tabindex=&quot;0&quot;
  /&gt;

  --------------------------------------------------
  img:

  Name &quot;Main Menu Logo&quot;:
  &lt;img
    alt=&quot;Main Menu Logo&quot;
    class=&quot;UGVQcG&quot;
    src=&quot;step_logo_new.svg&quot;
  /&gt;

  Name &quot;&quot;:
  &lt;img
    class=&quot;pLMrl6&quot;
    height=&quot;36&quot;
    src=&quot;http://test-avatar.com/avatar.png&quot;
    width=&quot;36&quot;
  /&gt;

  --------------------------------------------------
  button:

  Name &quot;User&quot;:
  &lt;button
    aria-expanded=&quot;false&quot;
    class=&quot;uui-button-box uui-enabled -clickable Q8fVtx ECI7yt&quot;
    tabindex=&quot;0&quot;
    type=&quot;button&quot;
  /&gt;

  Name &quot;User avatar&quot;:
  &lt;button
    aria-label=&quot;User avatar&quot;
    class=&quot;rx3dLP -clickable&quot;
  /&gt;

  Name &quot;&quot;:
  &lt;button
    class=&quot;UJFXPf&quot;
    id=&quot;global_menu_toggle&quot;
  /&gt;

  --------------------------------------------------

Ignored nodes: comments, script, style
&lt;body&gt;
  &lt;div
    id=&quot;portal-root&quot;
  /&gt;
  &lt;div&gt;
    &lt;div
      style=&quot;position: fixed; top: 0px; left: 0px; width: 100%; z-index: 1000; background-color: rgb(255, 255, 255); box-shadow: 0 4px 6px rgba(0, 0, 0, 0.1);&quot;
    &gt;
      &lt;div
        class=&quot;&quot;
        style=&quot;min-width: 0; flex-grow: 1; flex-basis: 0px;&quot;
      &gt;
        &lt;nav
          class=&quot;qNrCBP uui-main_menu uui-mainmenu-container _2BO4Tw&quot;
        &gt;
          &lt;div
            class=&quot;fIEdRR GF0TH3&quot;
          &gt;
            &lt;div
              class=&quot;uui-flex-row wIX7vs UdgD0V&quot;
            &gt;
              &lt;div&gt;
                &lt;a
                  aria-disabled=&quot;false&quot;
                  class=&quot;uui-button-box uui-enabled -clickable uui-anchor wcQj1X meLhPA&quot;
                  href=&quot;/&quot;
                  tabindex=&quot;0&quot;
                &gt;
                  &lt;img
                    alt=&quot;Main Menu Logo&quot;
                    class=&quot;UGVQcG&quot;
                    src=&quot;step_logo_new.svg&quot;
                  /&gt;
                &lt;/a&gt;
              &lt;/div&gt;
              &lt;a
                class=&quot;uui-button-box uui-enabled -clickable uui-anchor Q8fVtx ECI7yt&quot;
                href=&quot;/welcome_u&quot;
                tabindex=&quot;0&quot;
              &gt;
                &lt;div
                  class=&quot;uui-caption&quot;
                &gt;
                  Welcome
                &lt;/div&gt;
              &lt;/a&gt;
              &lt;button
                aria-expanded=&quot;false&quot;
                class=&quot;uui-button-box uui-enabled -clickable Q8fVtx ECI7yt&quot;
                tabindex=&quot;0&quot;
                type=&quot;button&quot;
              &gt;
                &lt;div
                  class=&quot;uui-caption&quot;
                &gt;
                  User
                &lt;/div&gt;
                &lt;div
                  class=&quot;d3amV9 uui-icon uui-enabled&quot;
                &gt;
                  &lt;svg
                    class=&quot;&quot;
                    height=&quot;24&quot;
                    viewBox=&quot;0 0 24 24&quot;
                    width=&quot;24&quot;
                    xmlns=&quot;http://www.w3.org/2000/svg&quot;
                  &gt;
                    &lt;path
                      d=&quot;M5.414 8.086 4 9.5l8 8 8-8-1.414-1.414L12 14.672 5.414 8.086z&quot;
                    /&gt;
                  &lt;/svg&gt;
                &lt;/div&gt;
              &lt;/button&gt;
              &lt;div
                class=&quot;uOsTmo&quot;
              /&gt;
              &lt;button
                aria-label=&quot;User avatar&quot;
                class=&quot;rx3dLP -clickable&quot;
              &gt;
                &lt;img
                  class=&quot;pLMrl6&quot;
                  height=&quot;36&quot;
                  src=&quot;http://test-avatar.com/avatar.png&quot;
                  width=&quot;36&quot;
                /&gt;
                &lt;div&gt;
                  &lt;div
                    class=&quot;d3amV9 uui-icon uui-enabled Hmcc8U&quot;
                  &gt;
                    &lt;svg
                      class=&quot;&quot;
                      height=&quot;18&quot;
                      viewBox=&quot;0 0 24 24&quot;
                      width=&quot;18&quot;
                      xmlns=&quot;http://www.w3.org/2000/svg&quot;
                    &gt;
                      &lt;path
                        d=&quot;M5.414 8.086 4 9.5l8 8 8-8-1.414-1.414L12 14.672 5.414 8.086z&quot;
                      /&gt;
                    &lt;/svg&gt;
                  &lt;/div&gt;
                &lt;/div&gt;
              &lt;/button&gt;
              &lt;button
                class=&quot;UJFXPf&quot;
                id=&quot;global_menu_toggle&quot;
              &gt;
                &lt;div
                  class=&quot;d3amV9 uui-icon uui-enabled _0l1W2g&quot;
                &gt;
                  &lt;svg
                    class=&quot;&quot;
                    height=&quot;36&quot;
                    viewBox=&quot;0 0 24 24&quot;
                    width=&quot;36&quot;
                    xmlns=&quot;http://www.w3.org/2000/svg&quot;
                  &gt;
                    &lt;path
                      clip-rule=&quot;evenodd&quot;
                      d=&quot;M12 10.85a1.333 1.333 0 1 1 0 2.666 1.333 1.333 0 0 1 0-2.666zm5.333 0a1.333 1.333 0 1 1 0 2.666 1.333 1.333 0 0 1 0-2.666zm-10.666 0a1.333 1.333 0 1 1 0 2.666 1.333 1.333 0 0 1 0-2.666zm5.333-6a1.333 1.333 0 1 1 0 2.666 1.333 1.333 0 0 1 0-2.666zm5.333 0a1.333 1.333 0 1 1 0 2.666 1.333 1.333 0 0 1 0-2.666zm-10.666 0a1.333 1.333 0 1 1 0 2.666 1.333 1.333 0 0 1 0-2.666zm5.333 12a1.333 1.333 0 1 1 0 2.666 1.333 1.333 0 0 1 0-2.666zm5.333 0a1.333 1.333 0 1 1 0 2.666 1.333 1.333 0 0 1 0-2.666zm-10.666 0a1.333 1.333 0 1 1 0 2.666 1.333 1.333 0 0 1 0-2.666z&quot;
                      fill-rule=&quot;evenodd&quot;
                    /&gt;
                  &lt;/svg&gt;
                &lt;/div&gt;
              &lt;/button&gt;
            &lt;/div&gt;
          &lt;/div&gt;
        &lt;/nav&gt;
      &lt;/div&gt;
    &lt;/div&gt;
    &lt;div&gt;
      &lt;div
        data-testid=&quot;banner&quot;
      &gt;
        Banner
      &lt;/div&gt;
      &lt;div
        data-testid=&quot;top-talent&quot;
      &gt;
        TopTalent
      &lt;/div&gt;
      &lt;div
        data-testid=&quot;feedback&quot;
      &gt;
        Feedback
      &lt;/div&gt;
      &lt;div
        data-testid=&quot;footer&quot;
      &gt;
        Footer
      &lt;/div&gt;
    &lt;/div&gt;
  &lt;/div&gt;
&lt;/body&gt;
    at Object.getElementError (C:\Users\varsha_akarapu\Desktop\landing_user\step-ui\node_modules\@testing-library\dom\dist\config.js:37:19)
    at C:\Users\varsha_akarapu\Desktop\landing_user\step-ui\node_modules\@testing-library\dom\dist\query-helpers.js:76:38
    at C:\Users\varsha_akarapu\Desktop\landing_user\step-ui\node_modules\@testing-library\dom\dist\query-helpers.js:52:17
    at C:\Users\varsha_akarapu\Desktop\landing_user\step-ui\node_modules\@testing-library\dom\dist\query-helpers.js:95:19
    at Object.getByRole (C:\Users\varsha_akarapu\Desktop\landing_user\step-ui\src\__test__\landing_page\navigation_U.test.js:88:27)
    at Promise.then.completed (C:\Users\varsha_akarapu\Desktop\landing_user\step-ui\node_modules\react-scripts\node_modules\jest-circus\build\utils.js:391:28)
    at new Promise (&lt;anonymous&gt;)
    at callAsyncCircusFn (C:\Users\varsha_akarapu\Desktop\landing_user\step-ui\node_modules\react-scripts\node_modules\jest-circus\build\utils.js:316:10)
    at _callCircusTest (C:\Users\varsha_akarapu\Desktop\landing_user\step-ui\node_modules\react-scripts\node_modules\jest-circus\build\run.js:218:40)
    at processTicksAndRejections (node:internal/process/task_queues:95:5)
    at _runTest (C:\Users\varsha_akarapu\Desktop\landing_user\step-ui\node_modules\react-scripts\node_modules\jest-circus\build\run.js:155:3)
    at _runTestsForDescribeBlock (C:\Users\varsha_akarapu\Desktop\landing_user\step-ui\node_modules\react-scripts\node_modules\jest-circus\build\run.js:66:9)
    at _runTestsForDescribeBlock (C:\Users\varsha_akarapu\Desktop\landing_user\step-ui\node_modules\react-scripts\node_modules\jest-circus\build\run.js:60:9)
    at run (C:\Users\varsha_akarapu\Desktop\landing_user\step-ui\node_modules\react-scripts\node_modules\jest-circus\build\run.js:25:3)
    at runAndTransformResultsToJestFormat (C:\Users\varsha_akarapu\Desktop\landing_user\step-ui\node_modules\react-scripts\node_modules\jest-circus\build\legacy-code-todo-rewrite\jestAdapterInit.js:170:21)
    at jestAdapter (C:\Users\varsha_akarapu\Desktop\landing_user\step-ui\node_modules\react-scripts\node_modules\jest-circus\build\legacy-code-todo-rewrite\jestAdapter.js:82:19)
    at runTestInternal (C:\Users\varsha_akarapu\Desktop\landing_user\step-ui\node_modules\react-scripts\node_modules\jest-runner\build\runTest.js:389:16)
    at runTest (C:\Users\varsha_akarapu\Desktop\landing_user\step-ui\node_modules\react-scripts\node_modules\jest-runner\build\runTest.js:475:34)
    at Object.worker (C:\Users\varsha_akarapu\Desktop\landing_user\step-ui\node_modules\react-scripts\node_modules\jest-runner\build\testWorker.js:133:12)</failure>
    </testcase>
    <testcase classname="NavbarForUcomponent renders default avatar if no picture in token" name="NavbarForUcomponent renders default avatar if no picture in token" time="0.943">
      <failure>TestingLibraryElementError: Unable to find an accessible element with the role &quot;img&quot; and name &quot;User avatar&quot;

Here are the accessible roles:

  navigation:

  Name &quot;&quot;:
  &lt;nav
    class=&quot;qNrCBP uui-main_menu uui-mainmenu-container _2BO4Tw&quot;
  /&gt;

  --------------------------------------------------
  link:

  Name &quot;Main Menu Logo&quot;:
  &lt;a
    aria-disabled=&quot;false&quot;
    class=&quot;uui-button-box uui-enabled -clickable uui-anchor wcQj1X meLhPA&quot;
    href=&quot;/&quot;
    tabindex=&quot;0&quot;
  /&gt;

  Name &quot;Welcome&quot;:
  &lt;a
    class=&quot;uui-button-box uui-enabled -clickable uui-anchor Q8fVtx ECI7yt&quot;
    href=&quot;/welcome_u&quot;
    tabindex=&quot;0&quot;
  /&gt;

  --------------------------------------------------
  img:

  Name &quot;Main Menu Logo&quot;:
  &lt;img
    alt=&quot;Main Menu Logo&quot;
    class=&quot;UGVQcG&quot;
    src=&quot;step_logo_new.svg&quot;
  /&gt;

  Name &quot;&quot;:
  &lt;img
    class=&quot;pLMrl6&quot;
    height=&quot;36&quot;
    src=&quot;https://example.com/default-avatar.jpg&quot;
    width=&quot;36&quot;
  /&gt;

  --------------------------------------------------
  button:

  Name &quot;User&quot;:
  &lt;button
    aria-expanded=&quot;false&quot;
    class=&quot;uui-button-box uui-enabled -clickable Q8fVtx ECI7yt&quot;
    tabindex=&quot;0&quot;
    type=&quot;button&quot;
  /&gt;

  Name &quot;User avatar&quot;:
  &lt;button
    aria-label=&quot;User avatar&quot;
    class=&quot;rx3dLP -clickable&quot;
  /&gt;

  Name &quot;&quot;:
  &lt;button
    class=&quot;UJFXPf&quot;
    id=&quot;global_menu_toggle&quot;
  /&gt;

  --------------------------------------------------

Ignored nodes: comments, script, style
&lt;body&gt;
  &lt;div
    id=&quot;portal-root&quot;
  /&gt;
  &lt;div&gt;
    &lt;div
      style=&quot;position: fixed; top: 0px; left: 0px; width: 100%; z-index: 1000; background-color: rgb(255, 255, 255); box-shadow: 0 4px 6px rgba(0, 0, 0, 0.1);&quot;
    &gt;
      &lt;div
        class=&quot;&quot;
        style=&quot;min-width: 0; flex-grow: 1; flex-basis: 0px;&quot;
      &gt;
        &lt;nav
          class=&quot;qNrCBP uui-main_menu uui-mainmenu-container _2BO4Tw&quot;
        &gt;
          &lt;div
            class=&quot;fIEdRR GF0TH3&quot;
          &gt;
            &lt;div
              class=&quot;uui-flex-row wIX7vs UdgD0V&quot;
            &gt;
              &lt;div&gt;
                &lt;a
                  aria-disabled=&quot;false&quot;
                  class=&quot;uui-button-box uui-enabled -clickable uui-anchor wcQj1X meLhPA&quot;
                  href=&quot;/&quot;
                  tabindex=&quot;0&quot;
                &gt;
                  &lt;img
                    alt=&quot;Main Menu Logo&quot;
                    class=&quot;UGVQcG&quot;
                    src=&quot;step_logo_new.svg&quot;
                  /&gt;
                &lt;/a&gt;
              &lt;/div&gt;
              &lt;a
                class=&quot;uui-button-box uui-enabled -clickable uui-anchor Q8fVtx ECI7yt&quot;
                href=&quot;/welcome_u&quot;
                tabindex=&quot;0&quot;
              &gt;
                &lt;div
                  class=&quot;uui-caption&quot;
                &gt;
                  Welcome
                &lt;/div&gt;
              &lt;/a&gt;
              &lt;button
                aria-expanded=&quot;false&quot;
                class=&quot;uui-button-box uui-enabled -clickable Q8fVtx ECI7yt&quot;
                tabindex=&quot;0&quot;
                type=&quot;button&quot;
              &gt;
                &lt;div
                  class=&quot;uui-caption&quot;
                &gt;
                  User
                &lt;/div&gt;
                &lt;div
                  class=&quot;d3amV9 uui-icon uui-enabled&quot;
                &gt;
                  &lt;svg
                    class=&quot;&quot;
                    height=&quot;24&quot;
                    viewBox=&quot;0 0 24 24&quot;
                    width=&quot;24&quot;
                    xmlns=&quot;http://www.w3.org/2000/svg&quot;
                  &gt;
                    &lt;path
                      d=&quot;M5.414 8.086 4 9.5l8 8 8-8-1.414-1.414L12 14.672 5.414 8.086z&quot;
                    /&gt;
                  &lt;/svg&gt;
                &lt;/div&gt;
              &lt;/button&gt;
              &lt;div
                class=&quot;uOsTmo&quot;
              /&gt;
              &lt;button
                aria-label=&quot;User avatar&quot;
                class=&quot;rx3dLP -clickable&quot;
              &gt;
                &lt;img
                  class=&quot;pLMrl6&quot;
                  height=&quot;36&quot;
                  src=&quot;https://example.com/default-avatar.jpg&quot;
                  width=&quot;36&quot;
                /&gt;
                &lt;div&gt;
                  &lt;div
                    class=&quot;d3amV9 uui-icon uui-enabled Hmcc8U&quot;
                  &gt;
                    &lt;svg
                      class=&quot;&quot;
                      height=&quot;18&quot;
                      viewBox=&quot;0 0 24 24&quot;
                      width=&quot;18&quot;
                      xmlns=&quot;http://www.w3.org/2000/svg&quot;
                    &gt;
                      &lt;path
                        d=&quot;M5.414 8.086 4 9.5l8 8 8-8-1.414-1.414L12 14.672 5.414 8.086z&quot;
                      /&gt;
                    &lt;/svg&gt;
                  &lt;/div&gt;
                &lt;/div&gt;
              &lt;/button&gt;
              &lt;button
                class=&quot;UJFXPf&quot;
                id=&quot;global_menu_toggle&quot;
              &gt;
                &lt;div
                  class=&quot;d3amV9 uui-icon uui-enabled _0l1W2g&quot;
                &gt;
                  &lt;svg
                    class=&quot;&quot;
                    height=&quot;36&quot;
                    viewBox=&quot;0 0 24 24&quot;
                    width=&quot;36&quot;
                    xmlns=&quot;http://www.w3.org/2000/svg&quot;
                  &gt;
                    &lt;path
                      clip-rule=&quot;evenodd&quot;
                      d=&quot;M12 10.85a1.333 1.333 0 1 1 0 2.666 1.333 1.333 0 0 1 0-2.666zm5.333 0a1.333 1.333 0 1 1 0 2.666 1.333 1.333 0 0 1 0-2.666zm-10.666 0a1.333 1.333 0 1 1 0 2.666 1.333 1.333 0 0 1 0-2.666zm5.333-6a1.333 1.333 0 1 1 0 2.666 1.333 1.333 0 0 1 0-2.666zm5.333 0a1.333 1.333 0 1 1 0 2.666 1.333 1.333 0 0 1 0-2.666zm-10.666 0a1.333 1.333 0 1 1 0 2.666 1.333 1.333 0 0 1 0-2.666zm5.333 12a1.333 1.333 0 1 1 0 2.666 1.333 1.333 0 0 1 0-2.666zm5.333 0a1.333 1.333 0 1 1 0 2.666 1.333 1.333 0 0 1 0-2.666zm-10.666 0a1.333 1.333 0 1 1 0 2.666 1.333 1.333 0 0 1 0-2.666z&quot;
                      fill-rule=&quot;evenodd&quot;
                    /&gt;
                  &lt;/svg&gt;
                &lt;/div&gt;
              &lt;/button&gt;
            &lt;/div&gt;
          &lt;/div&gt;
        &lt;/nav&gt;
      &lt;/div&gt;
    &lt;/div&gt;
    &lt;div&gt;
      &lt;div
        data-testid=&quot;banner&quot;
      &gt;
        Banner
      &lt;/div&gt;
      &lt;div
        data-testid=&quot;top-talent&quot;
      &gt;
        TopTalent
      &lt;/div&gt;
      &lt;div
        data-testid=&quot;feedback&quot;
      &gt;
        Feedback
      &lt;/div&gt;
      &lt;div
        data-testid=&quot;footer&quot;
      &gt;
        Footer
      &lt;/div&gt;
    &lt;/div&gt;
  &lt;/div&gt;
&lt;/body&gt;
    at Object.getElementError (C:\Users\varsha_akarapu\Desktop\landing_user\step-ui\node_modules\@testing-library\dom\dist\config.js:37:19)
    at C:\Users\varsha_akarapu\Desktop\landing_user\step-ui\node_modules\@testing-library\dom\dist\query-helpers.js:76:38
    at C:\Users\varsha_akarapu\Desktop\landing_user\step-ui\node_modules\@testing-library\dom\dist\query-helpers.js:52:17
    at C:\Users\varsha_akarapu\Desktop\landing_user\step-ui\node_modules\@testing-library\dom\dist\query-helpers.js:95:19
    at Object.getByRole (C:\Users\varsha_akarapu\Desktop\landing_user\step-ui\src\__test__\landing_page\navigation_U.test.js:104:27)
    at Promise.then.completed (C:\Users\varsha_akarapu\Desktop\landing_user\step-ui\node_modules\react-scripts\node_modules\jest-circus\build\utils.js:391:28)
    at new Promise (&lt;anonymous&gt;)
    at callAsyncCircusFn (C:\Users\varsha_akarapu\Desktop\landing_user\step-ui\node_modules\react-scripts\node_modules\jest-circus\build\utils.js:316:10)
    at _callCircusTest (C:\Users\varsha_akarapu\Desktop\landing_user\step-ui\node_modules\react-scripts\node_modules\jest-circus\build\run.js:218:40)
    at processTicksAndRejections (node:internal/process/task_queues:95:5)
    at _runTest (C:\Users\varsha_akarapu\Desktop\landing_user\step-ui\node_modules\react-scripts\node_modules\jest-circus\build\run.js:155:3)
    at _runTestsForDescribeBlock (C:\Users\varsha_akarapu\Desktop\landing_user\step-ui\node_modules\react-scripts\node_modules\jest-circus\build\run.js:66:9)
    at _runTestsForDescribeBlock (C:\Users\varsha_akarapu\Desktop\landing_user\step-ui\node_modules\react-scripts\node_modules\jest-circus\build\run.js:60:9)
    at run (C:\Users\varsha_akarapu\Desktop\landing_user\step-ui\node_modules\react-scripts\node_modules\jest-circus\build\run.js:25:3)
    at runAndTransformResultsToJestFormat (C:\Users\varsha_akarapu\Desktop\landing_user\step-ui\node_modules\react-scripts\node_modules\jest-circus\build\legacy-code-todo-rewrite\jestAdapterInit.js:170:21)
    at jestAdapter (C:\Users\varsha_akarapu\Desktop\landing_user\step-ui\node_modules\react-scripts\node_modules\jest-circus\build\legacy-code-todo-rewrite\jestAdapter.js:82:19)
    at runTestInternal (C:\Users\varsha_akarapu\Desktop\landing_user\step-ui\node_modules\react-scripts\node_modules\jest-runner\build\runTest.js:389:16)
    at runTest (C:\Users\varsha_akarapu\Desktop\landing_user\step-ui\node_modules\react-scripts\node_modules\jest-runner\build\runTest.js:475:34)
    at Object.worker (C:\Users\varsha_akarapu\Desktop\landing_user\step-ui\node_modules\react-scripts\node_modules\jest-runner\build\testWorker.js:133:12)</failure>
    </testcase>
    <testcase classname="NavbarForUcomponent navigates to profile on avatar dropdown click" name="NavbarForUcomponent navigates to profile on avatar dropdown click" time="0.935">
      <failure>TestingLibraryElementError: Unable to find an accessible element with the role &quot;img&quot; and name &quot;User avatar&quot;

Here are the accessible roles:

  navigation:

  Name &quot;&quot;:
  &lt;nav
    class=&quot;qNrCBP uui-main_menu uui-mainmenu-container _2BO4Tw&quot;
  /&gt;

  --------------------------------------------------
  link:

  Name &quot;Main Menu Logo&quot;:
  &lt;a
    aria-disabled=&quot;false&quot;
    class=&quot;uui-button-box uui-enabled -clickable uui-anchor wcQj1X meLhPA&quot;
    href=&quot;/&quot;
    tabindex=&quot;0&quot;
  /&gt;

  Name &quot;Welcome&quot;:
  &lt;a
    class=&quot;uui-button-box uui-enabled -clickable uui-anchor Q8fVtx ECI7yt&quot;
    href=&quot;/welcome_u&quot;
    tabindex=&quot;0&quot;
  /&gt;

  --------------------------------------------------
  img:

  Name &quot;Main Menu Logo&quot;:
  &lt;img
    alt=&quot;Main Menu Logo&quot;
    class=&quot;UGVQcG&quot;
    src=&quot;step_logo_new.svg&quot;
  /&gt;

  Name &quot;&quot;:
  &lt;img
    class=&quot;pLMrl6&quot;
    height=&quot;36&quot;
    src=&quot;http://test-avatar.com/avatar.png&quot;
    width=&quot;36&quot;
  /&gt;

  --------------------------------------------------
  button:

  Name &quot;User&quot;:
  &lt;button
    aria-expanded=&quot;false&quot;
    class=&quot;uui-button-box uui-enabled -clickable Q8fVtx ECI7yt&quot;
    tabindex=&quot;0&quot;
    type=&quot;button&quot;
  /&gt;

  Name &quot;User avatar&quot;:
  &lt;button
    aria-label=&quot;User avatar&quot;
    class=&quot;rx3dLP -clickable&quot;
  /&gt;

  Name &quot;&quot;:
  &lt;button
    class=&quot;UJFXPf&quot;
    id=&quot;global_menu_toggle&quot;
  /&gt;

  --------------------------------------------------

Ignored nodes: comments, script, style
&lt;body&gt;
  &lt;div
    id=&quot;portal-root&quot;
  /&gt;
  &lt;div&gt;
    &lt;div
      style=&quot;position: fixed; top: 0px; left: 0px; width: 100%; z-index: 1000; background-color: rgb(255, 255, 255); box-shadow: 0 4px 6px rgba(0, 0, 0, 0.1);&quot;
    &gt;
      &lt;div
        class=&quot;&quot;
        style=&quot;min-width: 0; flex-grow: 1; flex-basis: 0px;&quot;
      &gt;
        &lt;nav
          class=&quot;qNrCBP uui-main_menu uui-mainmenu-container _2BO4Tw&quot;
        &gt;
          &lt;div
            class=&quot;fIEdRR GF0TH3&quot;
          &gt;
            &lt;div
              class=&quot;uui-flex-row wIX7vs UdgD0V&quot;
            &gt;
              &lt;div&gt;
                &lt;a
                  aria-disabled=&quot;false&quot;
                  class=&quot;uui-button-box uui-enabled -clickable uui-anchor wcQj1X meLhPA&quot;
                  href=&quot;/&quot;
                  tabindex=&quot;0&quot;
                &gt;
                  &lt;img
                    alt=&quot;Main Menu Logo&quot;
                    class=&quot;UGVQcG&quot;
                    src=&quot;step_logo_new.svg&quot;
                  /&gt;
                &lt;/a&gt;
              &lt;/div&gt;
              &lt;a
                class=&quot;uui-button-box uui-enabled -clickable uui-anchor Q8fVtx ECI7yt&quot;
                href=&quot;/welcome_u&quot;
                tabindex=&quot;0&quot;
              &gt;
                &lt;div
                  class=&quot;uui-caption&quot;
                &gt;
                  Welcome
                &lt;/div&gt;
              &lt;/a&gt;
              &lt;button
                aria-expanded=&quot;false&quot;
                class=&quot;uui-button-box uui-enabled -clickable Q8fVtx ECI7yt&quot;
                tabindex=&quot;0&quot;
                type=&quot;button&quot;
              &gt;
                &lt;div
                  class=&quot;uui-caption&quot;
                &gt;
                  User
                &lt;/div&gt;
                &lt;div
                  class=&quot;d3amV9 uui-icon uui-enabled&quot;
                &gt;
                  &lt;svg
                    class=&quot;&quot;
                    height=&quot;24&quot;
                    viewBox=&quot;0 0 24 24&quot;
                    width=&quot;24&quot;
                    xmlns=&quot;http://www.w3.org/2000/svg&quot;
                  &gt;
                    &lt;path
                      d=&quot;M5.414 8.086 4 9.5l8 8 8-8-1.414-1.414L12 14.672 5.414 8.086z&quot;
                    /&gt;
                  &lt;/svg&gt;
                &lt;/div&gt;
              &lt;/button&gt;
              &lt;div
                class=&quot;uOsTmo&quot;
              /&gt;
              &lt;button
                aria-label=&quot;User avatar&quot;
                class=&quot;rx3dLP -clickable&quot;
              &gt;
                &lt;img
                  class=&quot;pLMrl6&quot;
                  height=&quot;36&quot;
                  src=&quot;http://test-avatar.com/avatar.png&quot;
                  width=&quot;36&quot;
                /&gt;
                &lt;div&gt;
                  &lt;div
                    class=&quot;d3amV9 uui-icon uui-enabled Hmcc8U&quot;
                  &gt;
                    &lt;svg
                      class=&quot;&quot;
                      height=&quot;18&quot;
                      viewBox=&quot;0 0 24 24&quot;
                      width=&quot;18&quot;
                      xmlns=&quot;http://www.w3.org/2000/svg&quot;
                    &gt;
                      &lt;path
                        d=&quot;M5.414 8.086 4 9.5l8 8 8-8-1.414-1.414L12 14.672 5.414 8.086z&quot;
                      /&gt;
                    &lt;/svg&gt;
                  &lt;/div&gt;
                &lt;/div&gt;
              &lt;/button&gt;
              &lt;button
                class=&quot;UJFXPf&quot;
                id=&quot;global_menu_toggle&quot;
              &gt;
                &lt;div
                  class=&quot;d3amV9 uui-icon uui-enabled _0l1W2g&quot;
                &gt;
                  &lt;svg
                    class=&quot;&quot;
                    height=&quot;36&quot;
                    viewBox=&quot;0 0 24 24&quot;
                    width=&quot;36&quot;
                    xmlns=&quot;http://www.w3.org/2000/svg&quot;
                  &gt;
                    &lt;path
                      clip-rule=&quot;evenodd&quot;
                      d=&quot;M12 10.85a1.333 1.333 0 1 1 0 2.666 1.333 1.333 0 0 1 0-2.666zm5.333 0a1.333 1.333 0 1 1 0 2.666 1.333 1.333 0 0 1 0-2.666zm-10.666 0a1.333 1.333 0 1 1 0 2.666 1.333 1.333 0 0 1 0-2.666zm5.333-6a1.333 1.333 0 1 1 0 2.666 1.333 1.333 0 0 1 0-2.666zm5.333 0a1.333 1.333 0 1 1 0 2.666 1.333 1.333 0 0 1 0-2.666zm-10.666 0a1.333 1.333 0 1 1 0 2.666 1.333 1.333 0 0 1 0-2.666zm5.333 12a1.333 1.333 0 1 1 0 2.666 1.333 1.333 0 0 1 0-2.666zm5.333 0a1.333 1.333 0 1 1 0 2.666 1.333 1.333 0 0 1 0-2.666zm-10.666 0a1.333 1.333 0 1 1 0 2.666 1.333 1.333 0 0 1 0-2.666z&quot;
                      fill-rule=&quot;evenodd&quot;
                    /&gt;
                  &lt;/svg&gt;
                &lt;/div&gt;
              &lt;/button&gt;
            &lt;/div&gt;
          &lt;/div&gt;
        &lt;/nav&gt;
      &lt;/div&gt;
    &lt;/div&gt;
    &lt;div&gt;
      &lt;div
        data-testid=&quot;banner&quot;
      &gt;
        Banner
      &lt;/div&gt;
      &lt;div
        data-testid=&quot;top-talent&quot;
      &gt;
        TopTalent
      &lt;/div&gt;
      &lt;div
        data-testid=&quot;feedback&quot;
      &gt;
        Feedback
      &lt;/div&gt;
      &lt;div
        data-testid=&quot;footer&quot;
      &gt;
        Footer
      &lt;/div&gt;
    &lt;/div&gt;
  &lt;/div&gt;
&lt;/body&gt;
    at Object.getElementError (C:\Users\varsha_akarapu\Desktop\landing_user\step-ui\node_modules\@testing-library\dom\dist\config.js:37:19)
    at C:\Users\varsha_akarapu\Desktop\landing_user\step-ui\node_modules\@testing-library\dom\dist\query-helpers.js:76:38
    at C:\Users\varsha_akarapu\Desktop\landing_user\step-ui\node_modules\@testing-library\dom\dist\query-helpers.js:52:17
    at C:\Users\varsha_akarapu\Desktop\landing_user\step-ui\node_modules\@testing-library\dom\dist\query-helpers.js:95:19
    at Object.getByRole (C:\Users\varsha_akarapu\Desktop\landing_user\step-ui\src\__test__\landing_page\navigation_U.test.js:118:27)
    at Promise.then.completed (C:\Users\varsha_akarapu\Desktop\landing_user\step-ui\node_modules\react-scripts\node_modules\jest-circus\build\utils.js:391:28)
    at new Promise (&lt;anonymous&gt;)
    at callAsyncCircusFn (C:\Users\varsha_akarapu\Desktop\landing_user\step-ui\node_modules\react-scripts\node_modules\jest-circus\build\utils.js:316:10)
    at _callCircusTest (C:\Users\varsha_akarapu\Desktop\landing_user\step-ui\node_modules\react-scripts\node_modules\jest-circus\build\run.js:218:40)
    at processTicksAndRejections (node:internal/process/task_queues:95:5)
    at _runTest (C:\Users\varsha_akarapu\Desktop\landing_user\step-ui\node_modules\react-scripts\node_modules\jest-circus\build\run.js:155:3)
    at _runTestsForDescribeBlock (C:\Users\varsha_akarapu\Desktop\landing_user\step-ui\node_modules\react-scripts\node_modules\jest-circus\build\run.js:66:9)
    at _runTestsForDescribeBlock (C:\Users\varsha_akarapu\Desktop\landing_user\step-ui\node_modules\react-scripts\node_modules\jest-circus\build\run.js:60:9)
    at run (C:\Users\varsha_akarapu\Desktop\landing_user\step-ui\node_modules\react-scripts\node_modules\jest-circus\build\run.js:25:3)
    at runAndTransformResultsToJestFormat (C:\Users\varsha_akarapu\Desktop\landing_user\step-ui\node_modules\react-scripts\node_modules\jest-circus\build\legacy-code-todo-rewrite\jestAdapterInit.js:170:21)
    at jestAdapter (C:\Users\varsha_akarapu\Desktop\landing_user\step-ui\node_modules\react-scripts\node_modules\jest-circus\build\legacy-code-todo-rewrite\jestAdapter.js:82:19)
    at runTestInternal (C:\Users\varsha_akarapu\Desktop\landing_user\step-ui\node_modules\react-scripts\node_modules\jest-runner\build\runTest.js:389:16)
    at runTest (C:\Users\varsha_akarapu\Desktop\landing_user\step-ui\node_modules\react-scripts\node_modules\jest-runner\build\runTest.js:475:34)
    at Object.worker (C:\Users\varsha_akarapu\Desktop\landing_user\step-ui\node_modules\react-scripts\node_modules\jest-runner\build\testWorker.js:133:12)</failure>
    </testcase>
    <testcase classname="NavbarForUcomponent navigates from dropdown menu button" name="NavbarForUcomponent navigates from dropdown menu button" time="0.378">
      <failure>TypeError: Cannot read properties of undefined (reading &apos;getPortalRoot&apos;)
    at Portal (C:\Users\varsha_akarapu\Desktop\landing_user\step-ui\node_modules\@epam\uui-components\rollup:\@epam\uui-components\src\overlays\Portal.tsx:16:51)
    at renderWithHooks (C:\Users\varsha_akarapu\Desktop\landing_user\step-ui\node_modules\react-dom\cjs\react-dom.development.js:15486:18)
    at mountIndeterminateComponent (C:\Users\varsha_akarapu\Desktop\landing_user\step-ui\node_modules\react-dom\cjs\react-dom.development.js:20103:13)
    at beginWork (C:\Users\varsha_akarapu\Desktop\landing_user\step-ui\node_modules\react-dom\cjs\react-dom.development.js:21626:16)
    at beginWork$1 (C:\Users\varsha_akarapu\Desktop\landing_user\step-ui\node_modules\react-dom\cjs\react-dom.development.js:27465:14)
    at performUnitOfWork (C:\Users\varsha_akarapu\Desktop\landing_user\step-ui\node_modules\react-dom\cjs\react-dom.development.js:26599:12)
    at workLoopSync (C:\Users\varsha_akarapu\Desktop\landing_user\step-ui\node_modules\react-dom\cjs\react-dom.development.js:26505:5)
    at renderRootSync (C:\Users\varsha_akarapu\Desktop\landing_user\step-ui\node_modules\react-dom\cjs\react-dom.development.js:26473:7)
    at recoverFromConcurrentError (C:\Users\varsha_akarapu\Desktop\landing_user\step-ui\node_modules\react-dom\cjs\react-dom.development.js:25889:20)
    at performSyncWorkOnRoot (C:\Users\varsha_akarapu\Desktop\landing_user\step-ui\node_modules\react-dom\cjs\react-dom.development.js:26135:20)
    at flushSyncCallbacks (C:\Users\varsha_akarapu\Desktop\landing_user\step-ui\node_modules\react-dom\cjs\react-dom.development.js:12042:22)
    at flushActQueue (C:\Users\varsha_akarapu\Desktop\landing_user\step-ui\node_modules\react\cjs\react.development.js:2667:24)
    at act (C:\Users\varsha_akarapu\Desktop\landing_user\step-ui\node_modules\react\cjs\react.development.js:2582:11)
    at C:\Users\varsha_akarapu\Desktop\landing_user\step-ui\node_modules\@testing-library\react\dist\act-compat.js:47:25
    at Object.eventWrapper (C:\Users\varsha_akarapu\Desktop\landing_user\step-ui\node_modules\@testing-library\react\dist\pure.js:107:28)
    at fireEvent (C:\Users\varsha_akarapu\Desktop\landing_user\step-ui\node_modules\@testing-library\dom\dist\events.js:12:35)
    at Function.fireEvent.&lt;computed&gt; [as click] (C:\Users\varsha_akarapu\Desktop\landing_user\step-ui\node_modules\@testing-library\dom\dist\events.js:110:36)
    at Function.fireEvent.&lt;computed&gt; [as click] (C:\Users\varsha_akarapu\Desktop\landing_user\step-ui\node_modules\@testing-library\react\dist\fire-event.js:15:52)
    at Object.click (C:\Users\varsha_akarapu\Desktop\landing_user\step-ui\src\__test__\landing_page\navigation_U.test.js:135:15)</failure>
    </testcase>
    <testcase classname="NavbarForUcomponent renders admin dropdown with no userDropDownItems safely" name="NavbarForUcomponent renders admin dropdown with no userDropDownItems safely" time="1.097">
      <failure>Error: Found multiple elements with the role &quot;button&quot; and name `/User/i`

Here are the matching elements:

Ignored nodes: comments, script, style
&lt;button
  aria-expanded=&quot;false&quot;
  class=&quot;uui-button-box uui-enabled -clickable Q8fVtx ECI7yt&quot;
  tabindex=&quot;0&quot;
  type=&quot;button&quot;
&gt;
  &lt;div
    class=&quot;uui-caption&quot;
  &gt;
    User
  &lt;/div&gt;
  &lt;div
    class=&quot;d3amV9 uui-icon uui-enabled&quot;
  &gt;
    &lt;svg
      class=&quot;&quot;
      height=&quot;24&quot;
      viewBox=&quot;0 0 24 24&quot;
      width=&quot;24&quot;
      xmlns=&quot;http://www.w3.org/2000/svg&quot;
    &gt;
      &lt;path
        d=&quot;M5.414 8.086 4 9.5l8 8 8-8-1.414-1.414L12 14.672 5.414 8.086z&quot;
      /&gt;
    &lt;/svg&gt;
  &lt;/div&gt;
&lt;/button&gt;

Ignored nodes: comments, script, style
&lt;button
  aria-label=&quot;User avatar&quot;
  class=&quot;rx3dLP -clickable&quot;
&gt;
  &lt;img
    class=&quot;pLMrl6&quot;
    height=&quot;36&quot;
    src=&quot;http://test-avatar.com/avatar.png&quot;
    width=&quot;36&quot;
  /&gt;
  &lt;div&gt;
    &lt;div
      class=&quot;d3amV9 uui-icon uui-enabled Hmcc8U&quot;
    &gt;
      &lt;svg
        class=&quot;&quot;
        height=&quot;18&quot;
        viewBox=&quot;0 0 24 24&quot;
        width=&quot;18&quot;
        xmlns=&quot;http://www.w3.org/2000/svg&quot;
      &gt;
        &lt;path
          d=&quot;M5.414 8.086 4 9.5l8 8 8-8-1.414-1.414L12 14.672 5.414 8.086z&quot;
        /&gt;
      &lt;/svg&gt;
    &lt;/div&gt;
  &lt;/div&gt;
&lt;/button&gt;

(If this is intentional, then use the `*AllBy*` variant of the query (like `queryAllByText`, `getAllByText`, or `findAllByText`)).

Ignored nodes: comments, script, style
&lt;body&gt;
  &lt;div
    id=&quot;portal-root&quot;
  /&gt;
  &lt;div&gt;
    &lt;div
      style=&quot;position: fixed; top: 0px; left: 0px; width: 100%; z-index: 1000; background-color: rgb(255, 255, 255); box-shadow: 0 4px 6px rgba(0, 0, 0, 0.1);&quot;
    &gt;
      &lt;div
        class=&quot;&quot;
        style=&quot;min-width: 0; flex-grow: 1; flex-basis: 0px;&quot;
      &gt;
        &lt;nav
          class=&quot;qNrCBP uui-main_menu uui-mainmenu-container _2BO4Tw&quot;
        &gt;
          &lt;div
            class=&quot;fIEdRR GF0TH3&quot;
          &gt;
            &lt;div
              class=&quot;uui-flex-row wIX7vs UdgD0V&quot;
            &gt;
              &lt;div&gt;
                &lt;a
                  aria-disabled=&quot;false&quot;
                  class=&quot;uui-button-box uui-enabled -clickable uui-anchor wcQj1X meLhPA&quot;
                  href=&quot;/&quot;
                  tabindex=&quot;0&quot;
                &gt;
                  &lt;img
                    alt=&quot;Main Menu Logo&quot;
                    class=&quot;UGVQcG&quot;
                    src=&quot;step_logo_new.svg&quot;
                  /&gt;
                &lt;/a&gt;
              &lt;/div&gt;
              &lt;a
                class=&quot;uui-button-box uui-enabled -clickable uui-anchor Q8fVtx ECI7yt&quot;
                href=&quot;/welcome_u&quot;
                tabindex=&quot;0&quot;
              &gt;
                &lt;div
                  class=&quot;uui-caption&quot;
                &gt;
                  Welcome
                &lt;/div&gt;
              &lt;/a&gt;
              &lt;button
                aria-expanded=&quot;false&quot;
                class=&quot;uui-button-box uui-enabled -clickable Q8fVtx ECI7yt&quot;
                tabindex=&quot;0&quot;
                type=&quot;button&quot;
              &gt;
                &lt;div
                  class=&quot;uui-caption&quot;
                &gt;
                  User
                &lt;/div&gt;
                &lt;div
                  class=&quot;d3amV9 uui-icon uui-enabled&quot;
                &gt;
                  &lt;svg
                    class=&quot;&quot;
                    height=&quot;24&quot;
                    viewBox=&quot;0 0 24 24&quot;
                    width=&quot;24&quot;
                    xmlns=&quot;http://www.w3.org/2000/svg&quot;
                  &gt;
                    &lt;path
                      d=&quot;M5.414 8.086 4 9.5l8 8 8-8-1.414-1.414L12 14.672 5.414 8.086z&quot;
                    /&gt;
                  &lt;/svg&gt;
                &lt;/div&gt;
              &lt;/button&gt;
              &lt;div
                class=&quot;uOsTmo&quot;
              /&gt;
              &lt;button
                aria-label=&quot;User avatar&quot;
                class=&quot;rx3dLP -clickable&quot;
              &gt;
                &lt;img
                  class=&quot;pLMrl6&quot;
                  height=&quot;36&quot;
                  src=&quot;http://test-avatar.com/avatar.png&quot;
                  width=&quot;36&quot;
                /&gt;
                &lt;div&gt;
                  &lt;div
                    class=&quot;d3amV9 uui-icon uui-enabled Hmcc8U&quot;
                  &gt;
                    &lt;svg
                      class=&quot;&quot;
                      height=&quot;18&quot;
                      viewBox=&quot;0 0 24 24&quot;
                      width=&quot;18&quot;
                      xmlns=&quot;http://www.w3.org/2000/svg&quot;
                    &gt;
                      &lt;path
                        d=&quot;M5.414 8.086 4 9.5l8 8 8-8-1.414-1.414L12 14.672 5.414 8.086z&quot;
                      /&gt;
                    &lt;/svg&gt;
                  &lt;/div&gt;
                &lt;/div&gt;
              &lt;/button&gt;
              &lt;button
                class=&quot;UJFXPf&quot;
                id=&quot;global_menu_toggle&quot;
              &gt;
                &lt;div
                  class=&quot;d3amV9 uui-icon uui-enabled _0l1W2g&quot;
                &gt;
                  &lt;svg
                    class=&quot;&quot;
                    height=&quot;36&quot;
                    viewBox=&quot;0 0 24 24&quot;
                    width=&quot;36&quot;
                    xmlns=&quot;http://www.w3.org/2000/svg&quot;
                  &gt;
                    &lt;path
                      clip-rule=&quot;evenodd&quot;
                      d=&quot;M12 10.85a1.333 1.333 0 1 1 0 2.666 1.333 1.333 0 0 1 0-2.666zm5.333 0a1.333 1.333 0 1 1 0 2.666 1.333 1.333 0 0 1 0-2.666zm-10.666 0a1.333 1.333 0 1 1 0 2.666 1.333 1.333 0 0 1 0-2.666zm5.333-6a1.333 1.333 0 1 1 0 2.666 1.333 1.333 0 0 1 0-2.666zm5.333 0a1.333 1.333 0 1 1 0 2.666 1.333 1.333 0 0 1 0-2.666zm-10.666 0a1.333 1.333 0 1 1 0 2.666 1.333 1.333 0 0 1 0-2.666zm5.333 12a1.333 1.333 0 1 1 0 2.666 1.333 1.333 0 0 1 0-2.666zm5.333 0a1.333 1.333 0 1 1 0 2.666 1.333 1.333 0 0 1 0-2.666zm-10.666 0a1.333 1.333 0 1 1 0 2.666 1.333 1.333 0 0 1 0-2.666z&quot;
                      fill-rule=&quot;evenodd&quot;
                    /&gt;
                  &lt;/svg&gt;
                &lt;/div&gt;
              &lt;/button&gt;
            &lt;/div&gt;
          &lt;/div&gt;
        &lt;/nav&gt;
      &lt;/div&gt;
    &lt;/div&gt;
    &lt;div&gt;
      &lt;div
        data-testid=&quot;banner&quot;
      &gt;
        Banner
      &lt;/div&gt;
      &lt;div
        data-testid=&quot;top-talent&quot;
      &gt;
        TopTalent
      &lt;/div&gt;
      &lt;div
        data-testid=&quot;feedback&quot;
      &gt;
        Feedback
      &lt;/div&gt;
      &lt;div
        data-testid=&quot;footer&quot;
      &gt;
        Footer
      &lt;/div&gt;
    &lt;/div&gt;
  &lt;/div&gt;
&lt;/body&gt;
    at waitForWrapper (C:\Users\varsha_akarapu\Desktop\landing_user\step-ui\node_modules\@testing-library\dom\dist\wait-for.js:163:27)
    at C:\Users\varsha_akarapu\Desktop\landing_user\step-ui\node_modules\@testing-library\dom\dist\query-helpers.js:86:33
    at Object.findByRole (C:\Users\varsha_akarapu\Desktop\landing_user\step-ui\src\__test__\landing_page\navigation_U.test.js:149:34)
    at Promise.then.completed (C:\Users\varsha_akarapu\Desktop\landing_user\step-ui\node_modules\react-scripts\node_modules\jest-circus\build\utils.js:391:28)
    at new Promise (&lt;anonymous&gt;)
    at callAsyncCircusFn (C:\Users\varsha_akarapu\Desktop\landing_user\step-ui\node_modules\react-scripts\node_modules\jest-circus\build\utils.js:316:10)
    at _callCircusTest (C:\Users\varsha_akarapu\Desktop\landing_user\step-ui\node_modules\react-scripts\node_modules\jest-circus\build\run.js:218:40)
    at _runTest (C:\Users\varsha_akarapu\Desktop\landing_user\step-ui\node_modules\react-scripts\node_modules\jest-circus\build\run.js:155:3)
    at _runTestsForDescribeBlock (C:\Users\varsha_akarapu\Desktop\landing_user\step-ui\node_modules\react-scripts\node_modules\jest-circus\build\run.js:66:9)
    at _runTestsForDescribeBlock (C:\Users\varsha_akarapu\Desktop\landing_user\step-ui\node_modules\react-scripts\node_modules\jest-circus\build\run.js:60:9)
    at run (C:\Users\varsha_akarapu\Desktop\landing_user\step-ui\node_modules\react-scripts\node_modules\jest-circus\build\run.js:25:3)
    at runAndTransformResultsToJestFormat (C:\Users\varsha_akarapu\Desktop\landing_user\step-ui\node_modules\react-scripts\node_modules\jest-circus\build\legacy-code-todo-rewrite\jestAdapterInit.js:170:21)
    at jestAdapter (C:\Users\varsha_akarapu\Desktop\landing_user\step-ui\node_modules\react-scripts\node_modules\jest-circus\build\legacy-code-todo-rewrite\jestAdapter.js:82:19)
    at runTestInternal (C:\Users\varsha_akarapu\Desktop\landing_user\step-ui\node_modules\react-scripts\node_modules\jest-runner\build\runTest.js:389:16)
    at runTest (C:\Users\varsha_akarapu\Desktop\landing_user\step-ui\node_modules\react-scripts\node_modules\jest-runner\build\runTest.js:475:34)
    at Object.worker (C:\Users\varsha_akarapu\Desktop\landing_user\step-ui\node_modules\react-scripts\node_modules\jest-runner\build\testWorker.js:133:12)</failure>
    </testcase>
    <testcase classname="NavbarForUcomponent sets profile picture from token in useEffect" name="NavbarForUcomponent sets profile picture from token in useEffect" time="0.089">
    </testcase>
    <testcase classname="NavbarForUcomponent hides content when hideContent prop is true" name="NavbarForUcomponent hides content when hideContent prop is true" time="0.037">
    </testcase>
    <testcase classname="NavbarForUcomponent defaults to Guest if token is invalid" name="NavbarForUcomponent defaults to Guest if token is invalid" time="0.071">
    </testcase>
  </testsuite>
  <testsuite name="NavbarForP Component" errors="0" failures="1" skipped="0" timestamp="2025-04-17T08:15:34" time="2.524" tests="6">
    <testcase classname="NavbarForP Component renders correctly with default props" name="NavbarForP Component renders correctly with default props" time="1.092">
      <failure>Error: Unable to find an element by: [data-testid=&quot;banner&quot;]

Ignored nodes: comments, script, style
&lt;body /&gt;
    at waitForWrapper (C:\Users\varsha_akarapu\Desktop\landing_user\step-ui\node_modules\@testing-library\dom\dist\wait-for.js:163:27)
    at C:\Users\varsha_akarapu\Desktop\landing_user\step-ui\node_modules\@testing-library\dom\dist\query-helpers.js:86:33
    at Object.findByTestId (C:\Users\varsha_akarapu\Desktop\landing_user\step-ui\src\__test__\navigation_p.test.js:82:25)
    at Promise.then.completed (C:\Users\varsha_akarapu\Desktop\landing_user\step-ui\node_modules\react-scripts\node_modules\jest-circus\build\utils.js:391:28)
    at new Promise (&lt;anonymous&gt;)
    at callAsyncCircusFn (C:\Users\varsha_akarapu\Desktop\landing_user\step-ui\node_modules\react-scripts\node_modules\jest-circus\build\utils.js:316:10)
    at _callCircusTest (C:\Users\varsha_akarapu\Desktop\landing_user\step-ui\node_modules\react-scripts\node_modules\jest-circus\build\run.js:218:40)
    at processTicksAndRejections (node:internal/process/task_queues:95:5)
    at _runTest (C:\Users\varsha_akarapu\Desktop\landing_user\step-ui\node_modules\react-scripts\node_modules\jest-circus\build\run.js:155:3)
    at _runTestsForDescribeBlock (C:\Users\varsha_akarapu\Desktop\landing_user\step-ui\node_modules\react-scripts\node_modules\jest-circus\build\run.js:66:9)
    at _runTestsForDescribeBlock (C:\Users\varsha_akarapu\Desktop\landing_user\step-ui\node_modules\react-scripts\node_modules\jest-circus\build\run.js:60:9)
    at run (C:\Users\varsha_akarapu\Desktop\landing_user\step-ui\node_modules\react-scripts\node_modules\jest-circus\build\run.js:25:3)
    at runAndTransformResultsToJestFormat (C:\Users\varsha_akarapu\Desktop\landing_user\step-ui\node_modules\react-scripts\node_modules\jest-circus\build\legacy-code-todo-rewrite\jestAdapterInit.js:170:21)
    at jestAdapter (C:\Users\varsha_akarapu\Desktop\landing_user\step-ui\node_modules\react-scripts\node_modules\jest-circus\build\legacy-code-todo-rewrite\jestAdapter.js:82:19)
    at runTestInternal (C:\Users\varsha_akarapu\Desktop\landing_user\step-ui\node_modules\react-scripts\node_modules\jest-runner\build\runTest.js:389:16)
    at runTest (C:\Users\varsha_akarapu\Desktop\landing_user\step-ui\node_modules\react-scripts\node_modules\jest-runner\build\runTest.js:475:34)
    at Object.worker (C:\Users\varsha_akarapu\Desktop\landing_user\step-ui\node_modules\react-scripts\node_modules\jest-runner\build\testWorker.js:133:12)</failure>
    </testcase>
    <testcase classname="NavbarForP Component handles delegate user and fetches delegated features" name="NavbarForP Component handles delegate user and fetches delegated features" time="0.009">
    </testcase>
    <testcase classname="NavbarForP Component opens delegate modal when delegateRequest is clicked" name="NavbarForP Component opens delegate modal when delegateRequest is clicked" time="0.005">
    </testcase>
    <testcase classname="NavbarForP Component renders avatar with profile picture" name="NavbarForP Component renders avatar with profile picture" time="0.002">
    </testcase>
    <testcase classname="NavbarForP Component does not render content when hideContent is true" name="NavbarForP Component does not render content when hideContent is true" time="0.005">
    </testcase>
    <testcase classname="NavbarForP Component handles error when fetching delegated features fails" name="NavbarForP Component handles error when fetching delegated features fails" time="0.153">
    </testcase>
  </testsuite>
  <testsuite name="upload function" errors="0" failures="1" skipped="0" timestamp="2025-04-17T08:15:36" time="0.963" tests="9">
    <testcase classname="upload function should fail for invalid excel file" name="upload function should fail for invalid excel file" time="0.003">
    </testcase>
    <testcase classname="upload function should fail for invalid filename format" name="upload function should fail for invalid filename format" time="0.002">
    </testcase>
    <testcase classname="upload function should call onUploadSuccess on successful upload" name="upload function should call onUploadSuccess on successful upload" time="0.006">
      <failure>Error: expect(jest.fn()).toHaveBeenCalledWith(...expected)

Expected: &quot;Upload successful&quot;

Number of calls: 0
    at Object.toHaveBeenCalledWith (C:\Users\varsha_akarapu\Desktop\landing_user\step-ui\src\__test__\FileUploadApi.test.js:87:33)
    at processTicksAndRejections (node:internal/process/task_queues:95:5)</failure>
[...]
                        d=&quot;m10.6 16.6 7.05-7.05-1.4-1.4-5.65 5.65-2.85-2.85-1.4 1.4 4.25 4.25zM12 22a9.733 9.733 0 0 1-3.9-.788 10.092 10.092 0 0 1-3.175-2.137c-.9-.9-1.612-1.958-2.137-3.175A9.733 9.733 0 0 1 2 12a9.74 9.74 0 0 1 .788-3.9 10.092 10.092 0 0 1 2.137-3.175c.9-.9 1.958-1.613 3.175-2.138A9.743 9.743 0 0 1 12 2a9.74 9.74 0 0 1 3.9.787 10.105 10.105 0 0 1 3.175 2.138c.9.9 1.612 1.958 2.137 3.175A9.733 9.733 0 0 1 22 12a9.733 9.733 0 0 1-.788 3.9 10.092 10.092 0 0 1-2.137 3.175c-.9.9-1.958 1.612-3.175 2.137A9.733 9.733 0 0 1 12 22z&quot;
                      /&gt;
                    &lt;/svg&gt;
                  &lt;/div&gt;
                &lt;/div&gt;
                &lt;div
                  class=&quot;xQKfV-&quot;
                &gt;
                  &lt;div
                    class=&quot;FMk1Jo uui-text uui-size-30 hoLW7V sm2HPY uui-color-primary uui-font-weight-400 uui-font-style-normal uui-typography -kBzKF&quot;
                  &gt;
                     
                     
                  &lt;/div&gt;
                &lt;/div&gt;
              &lt;/div&gt;
              &lt;button
                class=&quot;uui-button-box uui-enabled -clickable Mm-j1u uui-icon_button uui-color-neutral CskCVP H4yNd9&quot;
                tabindex=&quot;0&quot;
                type=&quot;button&quot;
              &gt;
                &lt;div
                  class=&quot;d3amV9 uui-icon uui-enabled&quot;
                &gt;
                  &lt;svg
                    class=&quot;&quot;
                    height=&quot;24&quot;
                    viewBox=&quot;0 0 24 24&quot;
                    width=&quot;24&quot;
                    xmlns=&quot;http://www.w3.org/2000/svg&quot;
                  &gt;
                    &lt;path
                      d=&quot;M6.4 19 5 17.6l5.6-5.6L5 6.4 6.4 5l5.6 5.6L17.6 5 19 6.4 13.4 12l5.6 5.6-1.4 1.4-5.6-5.6L6.4 19z&quot;
                    /&gt;
                  &lt;/svg&gt;
                &lt;/div&gt;
              &lt;/button&gt;
            &lt;/div&gt;
          &lt;/div&gt;
        &lt;/div&gt;
      &lt;/div&gt;
      &lt;div
        class=&quot;app-container&quot;
      &gt;
        &lt;div
          class=&quot;banner-scroll uui-scroll-bars uui-shadow-top uui-shadow-bottom&quot;
        &gt;
          &lt;div
            class=&quot;scroll-content&quot;
          &gt;
            &lt;div
              class=&quot;page-container&quot;
            &gt;
              &lt;div
                class=&quot;header&quot;
                style=&quot;background-image: url(header_banner_background.png);&quot;
              &gt;
                &lt;div
                  class=&quot;header-container&quot;
                &gt;
                  &lt;div
                    class=&quot;uui-flex-row wIX7vs -clickable UdgD0V&quot;
                  &gt;
                    &lt;button
                      class=&quot;uui-button-box uui-enabled uui-link_button _5OaFLf uui-size-36 uui-has-left-icon uui-no-right-icon uui-color-white&quot;
                      tabindex=&quot;-1&quot;
                      type=&quot;button&quot;
                    &gt;
                      &lt;div
                        class=&quot;d3amV9 uui-icon uui-enabled&quot;
                      &gt;
                        &lt;svg
                          class=&quot;&quot;
                        &gt;
                          navigation-back-18.svg
                        &lt;/svg&gt;
                      &lt;/div&gt;
                      &lt;div
                        class=&quot;uui-caption uui-link-button-weight-semibold&quot;
                      &gt;
                        Welcome
                      &lt;/div&gt;
                    &lt;/button&gt;
                    &lt;span
                      style=&quot;margin-left: 8px; color: white; font-weight: bold;&quot;
                    /&gt;
                  &lt;/div&gt;
                  &lt;h1
                    class=&quot;header-title&quot;
                  &gt;
                    Practice Rating-Software Development
                  &lt;/h1&gt;
                  &lt;div
                    class=&quot;header-description&quot;
                  &gt;
                    Gain valuable insights, identify areas for improvement, and foster personal and professional growth.
                  &lt;/div&gt;
                &lt;/div&gt;
              &lt;/div&gt;
            &lt;/div&gt;
          &lt;/div&gt;
        &lt;/div&gt;
      &lt;/div&gt;
      &lt;div
        class=&quot;practice-data&quot;
      &gt;
        &lt;div
          style=&quot;width: 80%; display: flex; f...
    at Object.getElementError (C:\Users\varsha_akarapu\Desktop\landing_user\step-ui\node_modules\@testing-library\dom\dist\config.js:37:19)
    at C:\Users\varsha_akarapu\Desktop\landing_user\step-ui\node_modules\@testing-library\dom\dist\query-helpers.js:76:38
    at C:\Users\varsha_akarapu\Desktop\landing_user\step-ui\node_modules\@testing-library\dom\dist\query-helpers.js:52:17
    at C:\Users\varsha_akarapu\Desktop\landing_user\step-ui\node_modules\@testing-library\dom\dist\query-helpers.js:95:19
    at Object.getByText (C:\Users\varsha_akarapu\Desktop\landing_user\step-ui\src\__test__\PracticeHeadPage.test.js:250:19)</failure>
    </testcase>
    <testcase classname="PracticeHeadPage Component Tests should handle case when uuid is null and no navigation or dialog happens" name="PracticeHeadPage Component Tests should handle case when uuid is null and no navigation or dialog happens" time="0.169">
      <failure>TestingLibraryElementError: Unable to find an element with the text: /John Doe/i. This could be because the text is broken up by multiple elements. In this case, you can provide a function for your text matcher to make your matcher more flexible.

Ignored nodes: comments, script, style
&lt;body&gt;
  &lt;div&gt;
    &lt;div
      class=&quot;practice-headpage&quot;
    &gt;
      &lt;div
        style=&quot;z-index: 2700;&quot;
      &gt;
        &lt;div
          data-testid=&quot;close-button&quot;
          id=&quot;div&quot;
          style=&quot;width: 25%; max-width: 500px; z-index: 2700; position: fixed; top: 15%; right: 2.5%; box-shadow: 0 4px 6px rgba(0, 0, 0, 0.2);&quot;
        &gt;
          &lt;div
            class=&quot;uui-alert -GBCsp uui-color-success uui-size-48&quot;
            role=&quot;alert&quot;
          &gt;
            &lt;div
              class=&quot;domvef&quot;
            &gt;
              &lt;div
                class=&quot;_2ZPPjg&quot;
              &gt;
                &lt;div
                  class=&quot;p0UYKj&quot;
                &gt;
                  &lt;div
                    class=&quot;d3amV9 uui-icon uui-enabled ahF-TW&quot;
                  &gt;
                    &lt;svg
                      class=&quot;&quot;
                      height=&quot;24&quot;
                      viewBox=&quot;0 0 24 24&quot;
                      width=&quot;24&quot;
                      xmlns=&quot;http://www.w3.org/2000/svg&quot;
                    &gt;
                      &lt;path
                        d=&quot;m10.6 16.6 7.05-7.05-1.4-1.4-5.65 5.65-2.85-2.85-1.4 1.4 4.25 4.25zM12 22a9.733 9.733 0 0 1-3.9-.788 10.092 10.092 0 0 1-3.175-2.137c-.9-.9-1.612-1.958-2.137-3.175A9.733 9.733 0 0 1 2 12a9.74 9.74 0 0 1 .788-3.9 10.092 10.092 0 0 1 2.137-3.175c.9-.9 1.958-1.613 3.175-2.138A9.743 9.743 0 0 1 12 2a9.74 9.74 0 0 1 3.9.787 10.105 10.105 0 0 1 3.175 2.138c.9.9 1.612 1.958 2.137 3.175A9.733 9.733 0 0 1 22 12a9.733 9.733 0 0 1-.788 3.9 10.092 10.092 0 0 1-2.137 3.175c-.9.9-1.958 1.612-3.175 2.137A9.733 9.733 0 0 1 12 22z&quot;
                      /&gt;
                    &lt;/svg&gt;
                  &lt;/div&gt;
                &lt;/div&gt;
                &lt;div
                  class=&quot;xQKfV-&quot;
                &gt;
                  &lt;div
                    class=&quot;FMk1Jo uui-text uui-size-30 hoLW7V sm2HPY uui-color-primary uui-font-weight-400 uui-font-style-normal uui-typography -kBzKF&quot;
                  &gt;
                     
                     
                  &lt;/div&gt;
                &lt;/div&gt;
              &lt;/div&gt;
              &lt;button
                class=&quot;uui-button-box uui-enabled -clickable Mm-j1u uui-icon_button uui-color-neutral CskCVP H4yNd9&quot;
                tabindex=&quot;0&quot;
                type=&quot;button&quot;
              &gt;
                &lt;div
                  class=&quot;d3amV9 uui-icon uui-enabled&quot;
                &gt;
                  &lt;svg
                    class=&quot;&quot;
                    height=&quot;24&quot;
                    viewBox=&quot;0 0 24 24&quot;
                    width=&quot;24&quot;
                    xmlns=&quot;http://www.w3.org/2000/svg&quot;
                  &gt;
                    &lt;path
                      d=&quot;M6.4 19 5 17.6l5.6-5.6L5 6.4 6.4 5l5.6 5.6L17.6 5 19 6.4 13.4 12l5.6 5.6-1.4 1.4-5.6-5.6L6.4 19z&quot;
                    /&gt;
                  &lt;/svg&gt;
                &lt;/div&gt;
              &lt;/button&gt;
            &lt;/div&gt;
          &lt;/div&gt;
        &lt;/div&gt;
      &lt;/div&gt;
      &lt;div
        class=&quot;app-container&quot;
      &gt;
        &lt;div
          class=&quot;banner-scroll uui-scroll-bars uui-shadow-top uui-shadow-bottom&quot;
        &gt;
          &lt;div
            class=&quot;scroll-content&quot;
          &gt;
            &lt;div
              class=&quot;page-container&quot;
            &gt;
              &lt;div
                class=&quot;header&quot;
                style=&quot;background-image: url(header_banner_background.png);&quot;
              &gt;
                &lt;div
                  class=&quot;header-container&quot;
                &gt;
                  &lt;div
                    class=&quot;uui-flex-row wIX7vs -clickable UdgD0V&quot;
                  &gt;
                    &lt;button
                      class=&quot;uui-button-box uui-enabled uui-link_button _5OaFLf uui-size-36 uui-has-left-icon uui-no-right-icon uui-color-white&quot;
                      tabindex=&quot;-1&quot;
                      type=&quot;button&quot;
                    &gt;
                      &lt;div
                        class=&quot;d3amV9 uui-icon uui-enabled&quot;
                      &gt;
                        &lt;svg
                          class=&quot;&quot;
                        &gt;
                          navigation-back-18.svg
                        &lt;/svg&gt;
                      &lt;/div&gt;
                      &lt;div
                        class=&quot;uui-caption uui-link-button-weight-semibold&quot;
                      &gt;
                        Welcome
                      &lt;/div&gt;
                    &lt;/button&gt;
                    &lt;span
                      style=&quot;margin-left: 8px; color: white; font-weight: bold;&quot;
                    /&gt;
                  &lt;/div&gt;
                  &lt;h1
                    class=&quot;header-title&quot;
                  &gt;
                    Practice Rating-Software Development
                  &lt;/h1&gt;
                  &lt;div
                    class=&quot;header-description&quot;
                  &gt;
                    Gain valuable insights, identify areas for improvement, and foster personal and professional growth.
                  &lt;/div&gt;
                &lt;/div&gt;
              &lt;/div&gt;
            &lt;/div&gt;
          &lt;/div&gt;
        &lt;/div&gt;
      &lt;/div&gt;
      &lt;div
        class=&quot;practice-data&quot;
      &gt;
        &lt;div
          style=&quot;width: 80%; display: flex; f...
    at Object.getElementError (C:\Users\varsha_akarapu\Desktop\landing_user\step-ui\node_modules\@testing-library\dom\dist\config.js:37:19)
    at C:\Users\varsha_akarapu\Desktop\landing_user\step-ui\node_modules\@testing-library\dom\dist\query-helpers.js:76:38
    at C:\Users\varsha_akarapu\Desktop\landing_user\step-ui\node_modules\@testing-library\dom\dist\query-helpers.js:52:17
    at C:\Users\varsha_akarapu\Desktop\landing_user\step-ui\node_modules\@testing-library\dom\dist\query-helpers.js:95:19
    at Object.getByText (C:\Users\varsha_akarapu\Desktop\landing_user\step-ui\src\__test__\PracticeHeadPage.test.js:284:19)</failure>
    </testcase>
    <testcase classname="PracticeHeadPage Component Tests should update state when uuid is found" name="PracticeHeadPage Component Tests should update state when uuid is found" time="0.15">
    </testcase>
    <testcase classname="PracticeHeadPage Component Tests should handle dialog close and update users if submitted" name="PracticeHeadPage Component Tests should handle dialog close and update users if submitted" time="0.361">
    </testcase>
    <testcase classname="PracticeHeadPage Component Tests Approval all button " name="PracticeHeadPage Component Tests Approval all button " time="0.176">
      <failure>TestingLibraryElementError: Unable to find an element with the text: /John Doe/i. This could be because the text is broken up by multiple elements. In this case, you can provide a function for your text matcher to make your matcher more flexible.

Ignored nodes: comments, script, style
&lt;body&gt;
  &lt;div&gt;
    &lt;div
      class=&quot;practice-headpage&quot;
    &gt;
      &lt;div
        style=&quot;z-index: 2700;&quot;
      &gt;
        &lt;div
          data-testid=&quot;close-button&quot;
          id=&quot;div&quot;
          style=&quot;width: 25%; max-width: 500px; z-index: 2700; position: fixed; top: 15%; right: 2.5%; box-shadow: 0 4px 6px rgba(0, 0, 0, 0.2);&quot;
        &gt;
          &lt;div
            class=&quot;uui-alert -GBCsp uui-color-success uui-size-48&quot;
            role=&quot;alert&quot;
          &gt;
            &lt;div
              class=&quot;domvef&quot;
            &gt;
              &lt;div
                class=&quot;_2ZPPjg&quot;
              &gt;
                &lt;div
                  class=&quot;p0UYKj&quot;
                &gt;
                  &lt;div
                    class=&quot;d3amV9 uui-icon uui-enabled ahF-TW&quot;
                  &gt;
                    &lt;svg
                      class=&quot;&quot;
                      height=&quot;24&quot;
                      viewBox=&quot;0 0 24 24&quot;
                      width=&quot;24&quot;
                      xmlns=&quot;http://www.w3.org/2000/svg&quot;
                    &gt;
                      &lt;path
                        d=&quot;m10.6 16.6 7.05-7.05-1.4-1.4-5.65 5.65-2.85-2.85-1.4 1.4 4.25 4.25zM12 22a9.733 9.733 0 0 1-3.9-.788 10.092 10.092 0 0 1-3.175-2.137c-.9-.9-1.612-1.958-2.137-3.175A9.733 9.733 0 0 1 2 12a9.74 9.74 0 0 1 .788-3.9 10.092 10.092 0 0 1 2.137-3.175c.9-.9 1.958-1.613 3.175-2.138A9.743 9.743 0 0 1 12 2a9.74 9.74 0 0 1 3.9.787 10.105 10.105 0 0 1 3.175 2.138c.9.9 1.612 1.958 2.137 3.175A9.733 9.733 0 0 1 22 12a9.733 9.733 0 0 1-.788 3.9 10.092 10.092 0 0 1-2.137 3.175c-.9.9-1.958 1.612-3.175 2.137A9.733 9.733 0 0 1 12 22z&quot;
                      /&gt;
                    &lt;/svg&gt;
                  &lt;/div&gt;
                &lt;/div&gt;
                &lt;div
                  class=&quot;xQKfV-&quot;
                &gt;
                  &lt;div
                    class=&quot;FMk1Jo uui-text uui-size-30 hoLW7V sm2HPY uui-color-primary uui-font-weight-400 uui-font-style-normal uui-typography -kBzKF&quot;
                  &gt;
                     
                     
                  &lt;/div&gt;
                &lt;/div&gt;
              &lt;/div&gt;
              &lt;button
                class=&quot;uui-button-box uui-enabled -clickable Mm-j1u uui-icon_button uui-color-neutral CskCVP H4yNd9&quot;
                tabindex=&quot;0&quot;
                type=&quot;button&quot;
              &gt;
                &lt;div
                  class=&quot;d3amV9 uui-icon uui-enabled&quot;
                &gt;
                  &lt;svg
                    class=&quot;&quot;
                    height=&quot;24&quot;
                    viewBox=&quot;0 0 24 24&quot;
                    width=&quot;24&quot;
                    xmlns=&quot;http://www.w3.org/2000/svg&quot;
                  &gt;
                    &lt;path
                      d=&quot;M6.4 19 5 17.6l5.6-5.6L5 6.4 6.4 5l5.6 5.6L17.6 5 19 6.4 13.4 12l5.6 5.6-1.4 1.4-5.6-5.6L6.4 19z&quot;
                    /&gt;
                  &lt;/svg&gt;
                &lt;/div&gt;
              &lt;/button&gt;
            &lt;/div&gt;
          &lt;/div&gt;
        &lt;/div&gt;
      &lt;/div&gt;
      &lt;div
        class=&quot;app-container&quot;
      &gt;
        &lt;div
          class=&quot;banner-scroll uui-scroll-bars uui-shadow-top uui-shadow-bottom&quot;
        &gt;
          &lt;div
            class=&quot;scroll-content&quot;
          &gt;
            &lt;div
              class=&quot;page-container&quot;
            &gt;
              &lt;div
                class=&quot;header&quot;
                style=&quot;background-image: url(header_banner_background.png);&quot;
              &gt;
                &lt;div
                  class=&quot;header-container&quot;
                &gt;
                  &lt;div
                    class=&quot;uui-flex-row wIX7vs -clickable UdgD0V&quot;
                  &gt;
                    &lt;button
                      class=&quot;uui-button-box uui-enabled uui-link_button _5OaFLf uui-size-36 uui-has-left-icon uui-no-right-icon uui-color-white&quot;
                      tabindex=&quot;-1&quot;
                      type=&quot;button&quot;
                    &gt;
                      &lt;div
                        class=&quot;d3amV9 uui-icon uui-enabled&quot;
                      &gt;
                        &lt;svg
                          class=&quot;&quot;
                        &gt;
                          navigation-back-18.svg
                        &lt;/svg&gt;
                      &lt;/div&gt;
                      &lt;div
                        class=&quot;uui-caption uui-link-button-weight-semibold&quot;
                      &gt;
                        Welcome
                      &lt;/div&gt;
                    &lt;/button&gt;
                    &lt;span
                      style=&quot;margin-left: 8px; color: white; font-weight: bold;&quot;
                    /&gt;
                  &lt;/div&gt;
                  &lt;h1
                    class=&quot;header-title&quot;
                  &gt;
                    Practice Rating-Software Development
                  &lt;/h1&gt;
                  &lt;div
                    class=&quot;header-description&quot;
                  &gt;
                    Gain valuable insights, identify areas for improvement, and foster personal and professional growth.
                  &lt;/div&gt;
                &lt;/div&gt;
              &lt;/div&gt;
            &lt;/div&gt;
          &lt;/div&gt;
        &lt;/div&gt;
      &lt;/div&gt;
      &lt;div
        class=&quot;practice-data&quot;
      &gt;
        &lt;div
          style=&quot;width: 80%; display: flex; f...
    at Object.getElementError (C:\Users\varsha_akarapu\Desktop\landing_user\step-ui\node_modules\@testing-library\dom\dist\config.js:37:19)
    at C:\Users\varsha_akarapu\Desktop\landing_user\step-ui\node_modules\@testing-library\dom\dist\query-helpers.js:76:38
    at C:\Users\varsha_akarapu\Desktop\landing_user\step-ui\node_modules\@testing-library\dom\dist\query-helpers.js:52:17
    at C:\Users\varsha_akarapu\Desktop\landing_user\step-ui\node_modules\@testing-library\dom\dist\query-helpers.js:95:19
    at Object.getByText (C:\Users\varsha_akarapu\Desktop\landing_user\step-ui\src\__test__\PracticeHeadPage.test.js:410:19)</failure>
    </testcase>
  </testsuite>
</testsuites>